Replace Part C1 C0603C104K4RACTU in C:\Users\Justin\Altium\Shapeoko Mill\FTDI-USB.SchDoc with C0603C104K4RACTU from Schlib1.SchLib
Replace Part C2 C0603C104K4RACTU in C:\Users\Justin\Altium\Shapeoko Mill\FTDI-USB.SchDoc with C0603C104K4RACTU from Schlib1.SchLib
Replace Part C3 C0805C475K8PACTU in C:\Users\Justin\Altium\Shapeoko Mill\FTDI-USB.SchDoc with C0805C475K8PACTU from Schlib1.SchLib
Replace Part C4 C0603C104K4RACTU in C:\Users\Justin\Altium\Shapeoko Mill\FTDI-USB.SchDoc with C0603C104K4RACTU from Schlib1.SchLib
Replace Part C5 C0603C104K4RACTU in C:\Users\Justin\Altium\Shapeoko Mill\FTDI-USB.SchDoc with C0603C104K4RACTU from Schlib1.SchLib
Replace Part C6 C0603C104K4RACTU in C:\Users\Justin\Altium\Shapeoko Mill\FTDI-USB.SchDoc with C0603C104K4RACTU from Schlib1.SchLib
Replace Part C7 C0603C104K4RACTU in C:\Users\Justin\Altium\Shapeoko Mill\FTDI-USB.SchDoc with C0603C104K4RACTU from Schlib1.SchLib
Replace Part C8 C0805C106K9PACTU in C:\Users\Justin\Altium\Shapeoko Mill\FTDI-USB.SchDoc with C0805C106K9PACTU from Schlib1.SchLib
Replace Part C9 C0603C104K4RACTU in C:\Users\Justin\Altium\Shapeoko Mill\FTDI-USB.SchDoc with C0603C104K4RACTU from Schlib1.SchLib
Replace Part C10 C0603C104K4RACTU in C:\Users\Justin\Altium\Shapeoko Mill\FTDI-USB.SchDoc with C0603C104K4RACTU from Schlib1.SchLib
Replace Part C11 C0603C104K4RACTU in C:\Users\Justin\Altium\Shapeoko Mill\FTDI-USB.SchDoc with C0603C104K4RACTU from Schlib1.SchLib
Replace Part C12 C0603C473K3RACTU in C:\Users\Justin\Altium\Shapeoko Mill\FTDI-USB.SchDoc with C0603C473K3RACTU from Schlib1.SchLib
Replace Part C13 C0603C473K3RACTU in C:\Users\Justin\Altium\Shapeoko Mill\FTDI-USB.SchDoc with C0603C473K3RACTU from Schlib1.SchLib
Replace Part C14 C0603C104K4RACTU in C:\Users\Justin\Altium\Shapeoko Mill\FTDI-USB.SchDoc with C0603C104K4RACTU from Schlib1.SchLib
Replace Part D1 HSMD-C190 in C:\Users\Justin\Altium\Shapeoko Mill\FTDI-USB.SchDoc with HSMD-C190 from Avago Optoelectronic LED.IntLib
Replace Part D2 HSMD-C190 in C:\Users\Justin\Altium\Shapeoko Mill\FTDI-USB.SchDoc with HSMD-C190 from Avago Optoelectronic LED.IntLib
Replace Part J7 MUSB-05-F-B-SM-A in C:\Users\Justin\Altium\Shapeoko Mill\FTDI-USB.SchDoc with MUSB-05-F-B-SM-A from Schlib1.SchLib
Replace Part J8 SI-60062-F in C:\Users\Justin\Altium\Shapeoko Mill\FTDI-USB.SchDoc with SI-60062-F from Schlib1.SchLib
Replace Part J9 MUSB-05-F-B-SM-A in C:\Users\Justin\Altium\Shapeoko Mill\FTDI-USB.SchDoc with MUSB-05-F-B-SM-A from Schlib1.SchLib
Replace Part R1 ERJ-3EKF49R9V in C:\Users\Justin\Altium\Shapeoko Mill\FTDI-USB.SchDoc with ERJ-3EKF49R9V from Schlib1.SchLib
Replace Part R2 ERJ-3EKF49R9V in C:\Users\Justin\Altium\Shapeoko Mill\FTDI-USB.SchDoc with ERJ-3EKF49R9V from Schlib1.SchLib
Replace Part R3 ERJ-3EKF49R9V in C:\Users\Justin\Altium\Shapeoko Mill\FTDI-USB.SchDoc with ERJ-3EKF49R9V from Schlib1.SchLib
Replace Part R4 ERJ-3EKF49R9V in C:\Users\Justin\Altium\Shapeoko Mill\FTDI-USB.SchDoc with ERJ-3EKF49R9V from Schlib1.SchLib
Replace Part R5 ERJ-1GEJ152C in C:\Users\Justin\Altium\Shapeoko Mill\FTDI-USB.SchDoc with ERJ-1GEJ152C from Schlib1.SchLib
Replace Part R6 ERJ-3EKF2490V in C:\Users\Justin\Altium\Shapeoko Mill\FTDI-USB.SchDoc with ERJ-3EKF2490V from Schlib1.SchLib
Replace Part R7 ERJ-3GEYJ330V in C:\Users\Justin\Altium\Shapeoko Mill\FTDI-USB.SchDoc with ERJ-3GEYJ330V from Schlib1.SchLib
Replace Part R8 ERJ-3EKF2490V in C:\Users\Justin\Altium\Shapeoko Mill\FTDI-USB.SchDoc with ERJ-3EKF2490V from Schlib1.SchLib
Replace Part R9 ERJ-3GEYJ330V in C:\Users\Justin\Altium\Shapeoko Mill\FTDI-USB.SchDoc with ERJ-3GEYJ330V from Schlib1.SchLib
Replace Part R10 ERJ-3GEYJ330V in C:\Users\Justin\Altium\Shapeoko Mill\FTDI-USB.SchDoc with ERJ-3GEYJ330V from Schlib1.SchLib
Replace Part R11 ERJ-1GEJ152C in C:\Users\Justin\Altium\Shapeoko Mill\FTDI-USB.SchDoc with ERJ-1GEJ152C from Schlib1.SchLib
Replace Part R12 ERJ-3EKF4871V in C:\Users\Justin\Altium\Shapeoko Mill\FTDI-USB.SchDoc with ERJ-3EKF4871V from Schlib1.SchLib
Replace Part R13 ERJ-3GEYJ222V in C:\Users\Justin\Altium\Shapeoko Mill\FTDI-USB.SchDoc with ERJ-3GEYJ222V from Schlib1.SchLib
Replace Part R14 ERJ-3GEYJ330V in C:\Users\Justin\Altium\Shapeoko Mill\FTDI-USB.SchDoc with ERJ-3GEYJ330V from Schlib1.SchLib
Replace Part R15 ERJ-3GEYJ330V in C:\Users\Justin\Altium\Shapeoko Mill\FTDI-USB.SchDoc with ERJ-3GEYJ330V from Schlib1.SchLib
Replace Part R16 ERJ-3GEYJ330V in C:\Users\Justin\Altium\Shapeoko Mill\FTDI-USB.SchDoc with ERJ-3GEYJ330V from Schlib1.SchLib
Replace Part R17 ERJ-3GEYJ222V in C:\Users\Justin\Altium\Shapeoko Mill\FTDI-USB.SchDoc with ERJ-3GEYJ222V from Schlib1.SchLib
Replace Part R18 ERJ-3GEYJ222V in C:\Users\Justin\Altium\Shapeoko Mill\FTDI-USB.SchDoc with ERJ-3GEYJ222V from Schlib1.SchLib
Replace Part R19 ERJ-3GEYJ103V in C:\Users\Justin\Altium\Shapeoko Mill\FTDI-USB.SchDoc with ERJ-3GEYJ103V from Schlib1.SchLib
Replace Part R20 ERJ-3GEYJ103V in C:\Users\Justin\Altium\Shapeoko Mill\FTDI-USB.SchDoc with ERJ-3GEYJ103V from Schlib1.SchLib
Replace Part R21 ERJ-3GEYJ103V in C:\Users\Justin\Altium\Shapeoko Mill\FTDI-USB.SchDoc with ERJ-3GEYJ103V from Schlib1.SchLib
Replace Part R22 ERJ-3GEYJ101V in C:\Users\Justin\Altium\Shapeoko Mill\FTDI-USB.SchDoc with ERJ-3GEYJ101V from Schlib1.SchLib
Replace Part R23 ERJ-3GEYJ101V in C:\Users\Justin\Altium\Shapeoko Mill\FTDI-USB.SchDoc with ERJ-3GEYJ101V from Schlib1.SchLib
Replace Part R24 ERJ-3GEY0R00V in C:\Users\Justin\Altium\Shapeoko Mill\FTDI-USB.SchDoc with ERJ-3GEY0R00V from Schlib1.SchLib
Replace Part R25 ERJ-3GEYJ270V in C:\Users\Justin\Altium\Shapeoko Mill\FTDI-USB.SchDoc with ERJ-3GEYJ270V from Schlib1.SchLib
Replace Part R26 ERJ-3GEYJ270V in C:\Users\Justin\Altium\Shapeoko Mill\FTDI-USB.SchDoc with ERJ-3GEYJ270V from Schlib1.SchLib
Replace Part TP1 TP in C:\Users\Justin\Altium\Shapeoko Mill\FTDI-USB.SchDoc with TP from TP.SchLib
Replace Part U1 DP83848CVV/NOPB in C:\Users\Justin\Altium\Shapeoko Mill\FTDI-USB.SchDoc with DP83848CVV/NOPB from National Semiconductor Interface.IntLib
Replace Part U7 FT230XS-R in C:\Users\Justin\Altium\Shapeoko Mill\FTDI-USB.SchDoc with FT230XS-R from Schlib1.SchLib
Replace Part Y1 K50-3C0SE50.0000MR in C:\Users\Justin\Altium\Shapeoko Mill\FTDI-USB.SchDoc with K50-3C0SE50.0000MR from Schlib1.SchLib
