Replace Part C36 C0805C105K4RACTU in C:\Users\Justin\Altium\Shapeoko Mill\Power.SchDoc with C0805C105K4RACTU from Schlib1.SchLib
Replace Part C37 C0805C105K4RACTU in C:\Users\Justin\Altium\Shapeoko Mill\Power.SchDoc with C0805C105K4RACTU from Schlib1.SchLib
Replace Part C38 C0805C105K4RACTU in C:\Users\Justin\Altium\Shapeoko Mill\Power.SchDoc with C0805C105K4RACTU from Schlib1.SchLib
Replace Part C39 C0805C105K4RACTU in C:\Users\Justin\Altium\Shapeoko Mill\Power.SchDoc with C0805C105K4RACTU from Schlib1.SchLib
Replace Part C40 C0805C105K4RACTU in C:\Users\Justin\Altium\Shapeoko Mill\Power.SchDoc with C0805C105K4RACTU from Schlib1.SchLib
Replace Part C41 C0805C105K4RACTU in C:\Users\Justin\Altium\Shapeoko Mill\Power.SchDoc with C0805C105K4RACTU from Schlib1.SchLib
Replace Part D3 HSMD-C190 in C:\Users\Justin\Altium\Shapeoko Mill\Power.SchDoc with HSMD-C190 from Avago Optoelectronic LED.IntLib
Replace Part D4 HSMD-C190 in C:\Users\Justin\Altium\Shapeoko Mill\Power.SchDoc with HSMD-C190 from Avago Optoelectronic LED.IntLib
Replace Part D5 HSMD-C190 in C:\Users\Justin\Altium\Shapeoko Mill\Power.SchDoc with HSMD-C190 from Avago Optoelectronic LED.IntLib
Replace Part J11 15-43-6542 in C:\Users\Justin\Altium\Shapeoko Mill\Power.SchDoc with 15-43-6542 from Molex Modular Jack Right Angle.IntLib
Replace Part R30 ERJ-3GEYJ101V in C:\Users\Justin\Altium\Shapeoko Mill\Power.SchDoc with ERJ-3GEYJ101V from Schlib1.SchLib
Replace Part R31 ERJ-3GEYJ101V in C:\Users\Justin\Altium\Shapeoko Mill\Power.SchDoc with ERJ-3GEYJ101V from Schlib1.SchLib
Replace Part R32 ERJ-3GEYJ101V in C:\Users\Justin\Altium\Shapeoko Mill\Power.SchDoc with ERJ-3GEYJ101V from Schlib1.SchLib
Replace Part R33 ERJ-3GEYJ104V in C:\Users\Justin\Altium\Shapeoko Mill\Power.SchDoc with ERJ-3GEYJ104V from Schlib1.SchLib
Replace Part R34 ERJ-3GEYJ104V in C:\Users\Justin\Altium\Shapeoko Mill\Power.SchDoc with ERJ-3GEYJ104V from Schlib1.SchLib
Replace Part R35 ERJ-3GEYJ104V in C:\Users\Justin\Altium\Shapeoko Mill\Power.SchDoc with ERJ-3GEYJ104V from Schlib1.SchLib
Replace Part R36 ERJ-3GEYJ104V in C:\Users\Justin\Altium\Shapeoko Mill\Power.SchDoc with ERJ-3GEYJ104V from Schlib1.SchLib
Replace Part R37 ERJ-3GEYJ104V in C:\Users\Justin\Altium\Shapeoko Mill\Power.SchDoc with ERJ-3GEYJ104V from Schlib1.SchLib
Replace Part R38 ERJ-3GEYJ104V in C:\Users\Justin\Altium\Shapeoko Mill\Power.SchDoc with ERJ-3GEYJ104V from Schlib1.SchLib
Replace Part S2 SW-SPST in C:\Users\Justin\Altium\Shapeoko Mill\Power.SchDoc with SW-SPST from Miscellaneous Devices.IntLib
Replace Part U4 ADP7104ACPZ-3.3-R7 in C:\Users\Justin\Altium\Shapeoko Mill\Power.SchDoc with ADP7104ACPZ-3.3-R7 from Analog Devices Power Management Linear Regulators.IntLib
Replace Part U5 ADP7104ACPZ-2.5-R7 in C:\Users\Justin\Altium\Shapeoko Mill\Power.SchDoc with ADP7104ACPZ-2.5-R7 from Analog Devices Power Management Linear Regulators.IntLib
Replace Part U6 ADP7104ACPZ-1.8-R7 in C:\Users\Justin\Altium\Shapeoko Mill\Power.SchDoc with ADP7104ACPZ-1.8-R7 from Analog Devices Power Management Linear Regulators.IntLib
