Removed Pin From Net: NetName=Y_MIN Pin=U2-8
Removed Pin From Net: NetName=Y_MAX Pin=U2-9
Removed Pin From Net: NetName=Y_LIMIT Pin=U2-10
Removed Pin From Net: NetName=Z_MIN Pin=U2-12
Removed Pin From Net: NetName=Z_MAX Pin=U2-13
Removed Pin From Net: NetName=VDD Pin=U2-14
Removed Pin From Net: NetName=GPIO6 Pin=U3-1
Removed Pin From Net: NetName=3V3VCC Pin=U3-2
Removed Pin From Net: NetName=5V3V_ENA Pin=U3-3
Removed Pin From Net: NetName=GPIO9 Pin=U3-4
Removed Pin From Net: NetName=GPIO7 Pin=U3-5
Removed Pin From Net: NetName=GPIO10 Pin=U3-6
Removed Pin From Net: NetName=X_LIM Pin=U3-7
Removed Pin From Net: NetName=Y_LIM Pin=U3-8
Removed Pin From Net: NetName=GPIO8 Pin=U3-9
Removed Pin From Net: NetName=5V3V_ENA Pin=U3-10
Removed Pin From Net: NetName=NetU1_40 Pin=U3-12
Removed Pin From Net: NetName=\MCLR Pin=U3-13
Removed Pin From Net: NetName=EREF_CLK Pin=U3-14
Removed Pin From Net: NetName=3V3VCC Pin=U3-16
Removed Pin From Net: NetName=Z_LIMIT Pin=U3-18
Removed Pin From Net: NetName=AUX_INT Pin=U3-19
Removed Pin From Net: NetName=X_ENA Pin=U3-20
Removed Pin From Net: NetName=X_DIR Pin=U3-21
Removed Pin From Net: NetName=ANALOG2 Pin=U3-22
Removed Pin From Net: NetName=ANALOG1 Pin=U3-23
Removed Pin From Net: NetName=PGC Pin=U3-24
Removed Pin From Net: NetName=PGD Pin=U3-25
Removed Pin From Net: NetName=X_MS1 Pin=U3-26
Removed Pin From Net: NetName=X_MS2 Pin=U3-27
Removed Pin From Net: NetName=Z_MS2 Pin=U3-28
Removed Pin From Net: NetName=NetC17_2 Pin=U3-30
Removed Pin From Net: NetName=NetC17_1 Pin=U3-31
Removed Pin From Net: NetName=X_HOME Pin=U3-32
Removed Pin From Net: NetName=ANALOG3 Pin=U3-33
Removed Pin From Net: NetName=ANALOG4 Pin=U3-34
Removed Pin From Net: NetName=ERXERR Pin=U3-35
Removed Pin From Net: NetName=3V3VCC Pin=U3-37
Removed Pin From Net: NetName=Z_DIR Pin=U3-38
Removed Pin From Net: NetName=GPIO2 Pin=U3-39
Removed Pin From Net: NetName=SPI_S\S\3\ Pin=U3-40
Removed Pin From Net: NetName=ERXD0 Pin=U3-41
Removed Pin From Net: NetName=ERXD1 Pin=U3-42
Removed Pin From Net: NetName=ANALOG5 Pin=U3-43
Removed Pin From Net: NetName=ANALOG6 Pin=U3-44
Removed Pin From Net: NetName=3V3VCC Pin=U3-46
Removed Pin From Net: NetName=SPI_S\S\2\ Pin=U3-47
Removed Pin From Net: NetName=SPI_CLK Pin=U3-48
Removed Pin From Net: NetName=GPIO1 Pin=U3-51
Removed Pin From Net: NetName=SPI_MOSI Pin=U3-52
Removed Pin From Net: NetName=SPI_MISO Pin=U3-53
Removed Pin From Net: NetName=VBUS Pin=U3-54
Removed Pin From Net: NetName=3V3VCC Pin=U3-55
Removed Pin From Net: NetName=USB_D- Pin=U3-56
Removed Pin From Net: NetName=USB_D+ Pin=U3-57
Removed Pin From Net: NetName=I2C_SDA Pin=U3-58
Removed Pin From Net: NetName=I2C_SCL Pin=U3-59
Removed Pin From Net: NetName=Z_HOME Pin=U3-61
Removed Pin From Net: NetName=3V3VCC Pin=U3-62
Removed Pin From Net: NetName=OSC1 Pin=U3-63
Removed Pin From Net: NetName=OSC2 Pin=U3-64
Removed Pin From Net: NetName=INT3/SCL1/RA14 Pin=U3-66
Removed Pin From Net: NetName=XY_LIM Pin=U3-67
Removed Pin From Net: NetName=SPI_S\S\1\ Pin=U3-69
Removed Pin From Net: NetName=SP_TACH Pin=U3-70
Removed Pin From Net: NetName=NetU1_31 Pin=U3-71
Removed Pin From Net: NetName=X_STEP Pin=U3-72
Removed Pin From Net: NetName=SOSC1 Pin=U3-73
Removed Pin From Net: NetName=SOSC2 Pin=U3-74
Removed Pin From Net: NetName=Y1_STEP Pin=U3-76
Removed Pin From Net: NetName=Z_STEP Pin=U3-77
Removed Pin From Net: NetName=SP_SPEED Pin=U3-78
Removed Pin From Net: NetName=SP_DIR Pin=U3-79
Removed Pin From Net: NetName=SP_ENA Pin=U3-80
Removed Pin From Net: NetName=AUX_PWM Pin=U3-81
Removed Pin From Net: NetName=SP_VCC Pin=U3-82
Removed Pin From Net: NetName=NetR10_1 Pin=U3-83
Removed Pin From Net: NetName=Y2_HOME Pin=U3-84
Removed Pin From Net: NetName=NetC16_2 Pin=U3-85
Removed Pin From Net: NetName=3V3VCC Pin=U3-86
Removed Pin From Net: NetName=NetR9_1 Pin=U3-87
Removed Pin From Net: NetName=CAN_TX Pin=U3-89
Removed Pin From Net: NetName=CAN_RX Pin=U3-90
Removed Pin From Net: NetName=Z_ENA Pin=U3-91
Removed Pin From Net: NetName=Z_MS1 Pin=U3-92
Removed Pin From Net: NetName=Y1_DIR Pin=U3-93
Removed Pin From Net: NetName=Y1_ENA Pin=U3-94
Removed Pin From Net: NetName=GPIO5 Pin=U3-95
Removed Pin From Net: NetName=GPIO3 Pin=U3-96
Removed Pin From Net: NetName=GPIO4 Pin=U3-97
Removed Pin From Net: NetName=Y1_MS1 Pin=U3-98
Removed Pin From Net: NetName=Y1_MS2 Pin=U3-99
Removed Pin From Net: NetName=Y1_HOME Pin=U3-100
Removed Pin From Net: NetName=3V3VCC Pin=U4-1
Removed Pin From Net: NetName=NetC36_1 Pin=U4-7
Removed Pin From Net: NetName=5VDC Pin=U4-8
Removed Pin From Net: NetName=2V5VCC Pin=U5-1
Removed Pin From Net: NetName=2V5VCC Pin=U5-2
Removed Pin From Net: NetName=5VDC Pin=U5-8
Removed Pin From Net: NetName=1V8VCC Pin=U6-1
Removed Pin From Net: NetName=1V8VCC Pin=U6-2
Removed Pin From Net: NetName=5VDC Pin=U6-8
Removed Pin From Net: NetName=NetR21_1 Pin=U7-2
Removed Pin From Net: NetName=3V3OUT Pin=U7-3
Removed Pin From Net: NetName=NetR20_1 Pin=U7-6
Removed Pin From Net: NetName=NetR23_1 Pin=U7-7
Removed Pin From Net: NetName=NetC12_2 Pin=U7-8
Removed Pin From Net: NetName=NetC13_2 Pin=U7-9
Removed Pin From Net: NetName=3V3OUT Pin=U7-10
Removed Pin From Net: NetName=3V3OUT Pin=U7-11
Removed Pin From Net: NetName=VCC Pin=U7-12
Removed Pin From Net: NetName=NetR22_1 Pin=U7-14
Removed Pin From Net: NetName=NetR19_1 Pin=U7-15
Removed Pin From Net: NetName=X_LIM Pin=U8-1
Removed Pin From Net: NetName=3V3VCC Pin=U8-2
Removed Pin From Net: NetName=Y_LIM Pin=U8-3
Removed Pin From Net: NetName=XY_LIM Pin=U8-4
Removed Pin From Net: NetName=Z_LIMIT Pin=U8-5
Removed Pin From Net: NetName=Z_HOME Pin=U8-6
Removed Pin From Net: NetName=X_HOME Pin=U8-7
Removed Pin From Net: NetName=Y2_HOME Pin=U8-8
Removed Pin From Net: NetName=Y1_HOME Pin=U8-9
Removed Pin From Net: NetName=5V3V_ENA Pin=U8-10
Removed Pin From Net: NetName=Y1_HM Pin=U8-12
Removed Pin From Net: NetName=Y2_HM Pin=U8-13
Removed Pin From Net: NetName=X_HM Pin=U8-14
Removed Pin From Net: NetName=Z_HM Pin=U8-15
Removed Pin From Net: NetName=LIMIT_INT Pin=U8-17
Removed Pin From Net: NetName=Y_LIMIT Pin=U8-18
Removed Pin From Net: NetName=5VDC Pin=U8-19
Removed Pin From Net: NetName=X_LIMIT Pin=U8-20
Removed Pin From Net: NetName=Y1_DIR Pin=U9-1
Removed Pin From Net: NetName=Y2_DIR Pin=U9-2
Removed Pin From Net: NetName=VDD Pin=U9-14
Removed Pin From Net: NetName=OSC1 Pin=Y2-1
Removed Pin From Net: NetName=OSC2 Pin=Y2-3
Removed Pin From Net: NetName=SOSC1 Pin=Y3-1
Removed Pin From Net: NetName=SOSC2 Pin=Y3-2
Removed Member From Class: ClassName=Power Member=C20
Removed Member From Class: ClassName=Power Member=C21
Removed Member From Class: ClassName=Power Member=C22
Removed Member From Class: ClassName=Power Member=C23
Removed Member From Class: ClassName=Power Member=C24
Removed Member From Class: ClassName=Power Member=C25
Removed Member From Class: ClassName=Power Member=C26
Removed Member From Class: ClassName=Power Member=C27
Removed Member From Class: ClassName=MCU Member=C32
Removed Member From Class: ClassName=MCU Member=C33
Removed Member From Class: ClassName=MCU Member=C34
Removed Member From Class: ClassName=MCU Member=C35
Removed Member From Class: ClassName=MCU Member=C42
Removed Member From Class: ClassName=MCU Member=C43
Removed Member From Class: ClassName=MCU Member=C44
Removed Member From Class: ClassName=MCU Member=C45
Removed Member From Class: ClassName=MCU Member=J6
Removed Member From Class: ClassName=FTDI-USB Member=J9
Removed Member From Class: ClassName=Limit Sensor Interface Member=J16
Removed Member From Class: ClassName=Power Member=J21
Removed Member From Class: ClassName=Power Member=J22
Removed Member From Class: ClassName=Power Member=R30
Removed Member From Class: ClassName=MCU Member=R39
Removed Member From Class: ClassName=Limit Sensor Interface Member=U2
Removed Member From Class: ClassName=MCU Member=U3
Removed Member From Class: ClassName=Power Member=U4
Removed Member From Class: ClassName=Power Member=U5
Removed Member From Class: ClassName=Power Member=U6
Removed Member From Class: ClassName=FTDI-USB Member=U7
Removed Member From Class: ClassName=MCU Member=U8
Removed Member From Class: ClassName=MCU Member=U9
Change Component DesignItemId : Designator=J21 Old DesignItemId=2P_ScrewTerm_90S_3.81MM New DesignItemId=6P_ScrewTerm_90S_3.81MM
Change Component DesignItemId : Designator=J20 Old DesignItemId=2P_ScrewTerm_90S_3.81MM New DesignItemId=CONN_HEADER_2x5P_0.100in_Male
Change Component DesignItemId : Designator=J19 Old DesignItemId=6P_ScrewTerm_90S_3.81MM New DesignItemId=5555165-1
Change Component DesignItemId : Designator=J6 Old DesignItemId=5555165-1 New DesignItemId=MUSB-05-F-B-SM-A
Change Component DesignItemId : Designator=Y2 Old DesignItemId=ABM3B-8.000MHZ-B2-T New DesignItemId=CM250C-32.000KAZFT
Change Component DesignItemId : Designator=U6 Old DesignItemId=ADP7104ACPZ-1.8-R7 New DesignItemId=CD4069UBCM
Change Component DesignItemId : Designator=U5 Old DesignItemId=ADP7104ACPZ-2.5-R7 New DesignItemId=TXB0108PWR
Change Component DesignItemId : Designator=U4 Old DesignItemId=ADP7104ACPZ-3.3-R7 New DesignItemId=PIC32MX795F512L-80V/PF
Change Component DesignItemId : Designator=C21 Old DesignItemId=C0603C104K4RACTU New DesignItemId=C0603C200J5GACTU
Change Component DesignItemId : Designator=C22 Old DesignItemId=C0603C104K4RACTU New DesignItemId=C0603C200J5GACTU
Change Component DesignItemId : Designator=C32 Old DesignItemId=C0603C104K4RACTU New DesignItemId=C0805C105K4RACTU
Change Component DesignItemId : Designator=C33 Old DesignItemId=C0603C104K4RACTU New DesignItemId=C0805C105K4RACTU
Change Component DesignItemId : Designator=C34 Old DesignItemId=C0603C104K4RACTU New DesignItemId=C0805C105K4RACTU
Change Component DesignItemId : Designator=C35 Old DesignItemId=C0603C104K4RACTU New DesignItemId=C0805C105K4RACTU
Change Component DesignItemId : Designator=C20 Old DesignItemId=C0603C104K4RACTU New DesignItemId=CBR02C110J3GAC
Change Component DesignItemId : Designator=C23 Old DesignItemId=C0603C104K4RACTU New DesignItemId=CBR02C110J3GAC
Change Component DesignItemId : Designator=C18 Old DesignItemId=C0603C200J5GACTU New DesignItemId=C0603C104K4RACTU
Change Component DesignItemId : Designator=C19 Old DesignItemId=C0603C200J5GACTU New DesignItemId=C0603C104K4RACTU
Change Component DesignItemId : Designator=C38 Old DesignItemId=C0805C105K4RACTU New DesignItemId=C0603C104K4RACTU
Change Component DesignItemId : Designator=C39 Old DesignItemId=C0805C105K4RACTU New DesignItemId=C0603C104K4RACTU
Change Component DesignItemId : Designator=C40 Old DesignItemId=C0805C105K4RACTU New DesignItemId=C0603C104K4RACTU
Change Component DesignItemId : Designator=C41 Old DesignItemId=C0805C105K4RACTU New DesignItemId=C0603C104K4RACTU
Change Component DesignItemId : Designator=C44 Old DesignItemId=CBR02C110J3GAC New DesignItemId=C0603C104K4RACTU
Change Component DesignItemId : Designator=C45 Old DesignItemId=CBR02C110J3GAC New DesignItemId=C0603C104K4RACTU
Change Component DesignItemId : Designator=U9 Old DesignItemId=CD4069UBCM New DesignItemId=ADP7104ACPZ-1.8-R7
Change Component DesignItemId : Designator=U2 Old DesignItemId=CD4071BCM New DesignItemId=FT230XS-R
Change Component DesignItemId : Designator=Y3 Old DesignItemId=CM250C-32.000KAZFT New DesignItemId=ABM3B-8.000MHZ-B2-T
Change Component DesignItemId : Designator=J11 Old DesignItemId=CONN_HEADER_1x3P_0.100in New DesignItemId=MHDR1X4
Change Component DesignItemId : Designator=R8 Old DesignItemId=ERJ-3EKF2490V New DesignItemId=ERJ-3GEYJ330V
Change Component DesignItemId : Designator=R30 Old DesignItemId=ERJ-3GEYJ101V New DesignItemId=ERJ-3GEYJ102V
Change Component DesignItemId : Designator=R39 Old DesignItemId=ERJ-3GEYJ102V New DesignItemId=ERJ-3GEYJ104V
Change Component DesignItemId : Designator=R33 Old DesignItemId=ERJ-3GEYJ104V New DesignItemId=ERJ-3GEYJ101V
Change Component DesignItemId : Designator=R7 Old DesignItemId=ERJ-3GEYJ330V New DesignItemId=ERJ-3EKF2490V
Change Component DesignItemId : Designator=U7 Old DesignItemId=FT230XS-R New DesignItemId=ADP7104ACPZ-3.3-R7
Change Component DesignItemId : Designator=J16 Old DesignItemId=MHDR1X4 New DesignItemId=MHDR1X6
Change Component DesignItemId : Designator=J9 Old DesignItemId=MUSB-05-F-B-SM-A New DesignItemId=MHDR1X4
Change Component DesignItemId : Designator=J7 Old DesignItemId=MUSB-05-F-B-SM-A New DesignItemId=SI-60062-F
Change Component DesignItemId : Designator=U3 Old DesignItemId=PIC32MX795F512L-80V/PF New DesignItemId=CD4071BCM
Change Component DesignItemId : Designator=J8 Old DesignItemId=SI-60062-F New DesignItemId=MUSB-05-F-B-SM-A
Change Component DesignItemId : Designator=U8 Old DesignItemId=TXB0108PWR New DesignItemId=ADP7104ACPZ-2.5-R7
Change Component Footprint: Designator=J11 Old Footprint=1x3POS_HEADER New Footprint=HDR1X4
Change Component Footprint: Designator=J21 Old Footprint=2P_PCB_ScrewTerm_90S_3.81MM New Footprint=6P_PCB_ScrewTerm_90S_3.81MM
Change Component Footprint: Designator=J20 Old Footprint=2P_PCB_ScrewTerm_90S_3.81MM New Footprint=10P_PCB_HEADER_BRD_MNT
Change Component Footprint: Designator=Y3 Old Footprint=4-SOJ_5.5MM_PITCH New Footprint=ABM3B_XTAL
Change Component Footprint: Designator=J19 Old Footprint=6P_PCB_ScrewTerm_90S_3.81MM New Footprint=95001-2661
Change Component Footprint: Designator=J6 Old Footprint=95001-2661 New Footprint=MUSB-05-X-B-SM-A
Change Component Footprint: Designator=Y2 Old Footprint=ABM3B_XTAL New Footprint=4-SOJ_5.5MM_PITCH
Change Component Footprint: Designator=U6 Old Footprint=ADI-CP-8-5_V New Footprint=M14A_N
Change Component Footprint: Designator=U4 Old Footprint=ADI-CP-8-5_V New Footprint=TQFP-PF100_N
Change Component Footprint: Designator=U5 Old Footprint=ADI-CP-8-5_V New Footprint=TSSOP-20
Change Component Footprint: Designator=C32 Old Footprint=cap_0603 New Footprint=cap_0805
Change Component Footprint: Designator=C33 Old Footprint=cap_0603 New Footprint=cap_0805
Change Component Footprint: Designator=C34 Old Footprint=cap_0603 New Footprint=cap_0805
Change Component Footprint: Designator=C35 Old Footprint=cap_0603 New Footprint=cap_0805
Change Component Footprint: Designator=C38 Old Footprint=cap_0805 New Footprint=cap_0603
Change Component Footprint: Designator=C39 Old Footprint=cap_0805 New Footprint=cap_0603
Change Component Footprint: Designator=C40 Old Footprint=cap_0805 New Footprint=cap_0603
Change Component Footprint: Designator=C41 Old Footprint=cap_0805 New Footprint=cap_0603
Change Component Footprint: Designator=U2 Old Footprint=M14A_N New Footprint=SSOP-16_M
Change Component Footprint: Designator=J7 Old Footprint=MUSB-05-X-B-SM-A New Footprint=ETHERNET
Change Component Comment : Designator=C32 Old Comment=0.1uF New Comment=1.0uF
Change Component Comment : Designator=C33 Old Comment=0.1uF New Comment=1.0uF
Change Component Comment : Designator=C34 Old Comment=0.1uF New Comment=1.0uF
Change Component Comment : Designator=C35 Old Comment=0.1uF New Comment=1.0uF
Change Component Comment : Designator=C20 Old Comment=0.1uF New Comment=11pF
Change Component Comment : Designator=C23 Old Comment=0.1uF New Comment=11pF
Change Component Comment : Designator=C21 Old Comment=0.1uF New Comment=20pF
Change Component Comment : Designator=C22 Old Comment=0.1uF New Comment=20pF
Change Component Comment : Designator=R39 Old Comment=1.0K New Comment=100K
Change Component Comment : Designator=C38 Old Comment=1.0uF New Comment=0.1uF
Change Component Comment : Designator=C39 Old Comment=1.0uF New Comment=0.1uF
Change Component Comment : Designator=C40 Old Comment=1.0uF New Comment=0.1uF
Change Component Comment : Designator=C41 Old Comment=1.0uF New Comment=0.1uF
Change Component Comment : Designator=J11 Old Comment=1X3 New Comment=MHDR1X4
Change Component Comment : Designator=Y2 Old Comment=8MHz New Comment=32kHz
Change Component Comment : Designator=C44 Old Comment=11pF New Comment=0.1uF
Change Component Comment : Designator=C45 Old Comment=11pF New Comment=0.1uF
Change Component Comment : Designator=C18 Old Comment=20pF New Comment=0.1uF
Change Component Comment : Designator=C19 Old Comment=20pF New Comment=0.1uF
Change Component Comment : Designator=Y3 Old Comment=32kHz New Comment=8MHz
Change Component Comment : Designator=R7 Old Comment=33 New Comment=249
Change Component Comment : Designator=R30 Old Comment=100 New Comment=1.0K
Change Component Comment : Designator=R33 Old Comment=100K New Comment=100
Change Component Comment : Designator=R8 Old Comment=249 New Comment=33
Change Component Comment : Designator=U6 Old Comment=ADP7104ACPZ-1.8-R7 New Comment=CD4069UBCM
Change Component Comment : Designator=U5 Old Comment=ADP7104ACPZ-2.5-R7 New Comment=TXB0108PWR
Change Component Comment : Designator=U4 Old Comment=ADP7104ACPZ-3.3-R7 New Comment=PIC32MX795F512L-80V/PF
Change Component Comment : Designator=U9 Old Comment=CD4069UBCM New Comment=ADP7104ACPZ-1.8-R7
Change Component Comment : Designator=U2 Old Comment=CD4071BCM New Comment=FT230XS-R
Change Component Comment : Designator=U7 Old Comment=FT230XS-R New Comment=ADP7104ACPZ-3.3-R7
Change Component Comment : Designator=J16 Old Comment=MHDR1X4 New Comment=ICP
Change Component Comment : Designator=J9 Old Comment=Mini-B New Comment=MHDR1X4
Change Component Comment : Designator=J7 Old Comment=Mini-B New Comment=SI-60062-F
Change Component Comment : Designator=U3 Old Comment=PIC32MX795F512L-80V/PF New Comment=CD4071BCM
Change Component Comment : Designator=J8 Old Comment=SI-60062-F New Comment=Mini-B
Change Component Comment : Designator=J20 Old Comment=Stackable ScrewTerm New Comment=shrouded box header
Change Component Comment : Designator=J19 Old Comment=Stackable ScrewTerm New Comment=Value
Change Component Comment : Designator=U8 Old Comment=TXB0108PWR New Comment=ADP7104ACPZ-2.5-R7
Change Component Comment : Designator=J6 Old Comment=Value New Comment=Mini-B
Change Component Designator: OldDesignator=J17 NewDesignator=J15
