Added Pin To Net: NetName=NetD1_2 Pin=D1-2
Added Pin To Net: NetName=NetD2_2 Pin=D2-2
Added Pin To Net: NetName=NetJ1_2 Pin=J1-2
Added Pin To Net: NetName=NetJ1_3 Pin=J1-3
Added Pin To Net: NetName=GND Pin=J1-5
Added Pin To Net: NetName=NetR4_1 Pin=R4-1
Added Pin To Net: NetName=NetD1_2 Pin=R4-2
Added Pin To Net: NetName=NetR5_1 Pin=R5-1
Added Pin To Net: NetName=NetD2_2 Pin=R5-2
Added Pin To Net: NetName=NetJ1_2 Pin=R7-1
Added Pin To Net: NetName=NetC2_1 Pin=R7-2
Added Pin To Net: NetName=NetJ1_3 Pin=R8-1
Added Pin To Net: NetName=NetC1_1 Pin=R8-2
Added Pin To Net: NetName=GND Pin=R13-1
Added Pin To Net: NetName=GND Pin=R15-1
Added Pin To Net: NetName=GND Pin=R17-1
Added Pin To Net: NetName=GND Pin=U1-5
Added Pin To Net: NetName=NetR5_1 Pin=U1-7
Added Pin To Net: NetName=NetC1_1 Pin=U1-8
Added Pin To Net: NetName=NetC2_1 Pin=U1-9
Added Pin To Net: NetName=GND Pin=U1-13
Added Pin To Net: NetName=NetR4_1 Pin=U1-14
Added Pin To Net: NetName=GND Pin=U2-15
Added Pin To Net: NetName=GND Pin=U2-31
Added Pin To Net: NetName=GND Pin=U2-36
Added Pin To Net: NetName=GND Pin=U2-45
Added Pin To Net: NetName=GND Pin=U2-65
Added Pin To Net: NetName=GND Pin=U2-75
Added Pin To Net: NetName=GND Pin=U3-3
Added Pin To Net: NetName=GND Pin=U3-6
Added Pin To Net: NetName=GND Pin=U3-9
Added Pin To Net: NetName=GND Pin=U4-3
Added Pin To Net: NetName=GND Pin=U4-6
Added Pin To Net: NetName=GND Pin=U4-9
Added Pin To Net: NetName=GND Pin=U5-3
Added Pin To Net: NetName=GND Pin=U5-6
Added Pin To Net: NetName=GND Pin=U5-9
Added Pin To Net: NetName=1V8ENA Pin=R16-2
Added Net: Name=1V8ENA
Added Pin To Net: NetName=1V8VCC Pin=C18-2
Added Pin To Net: NetName=1V8VCC Pin=C19-2
Added Pin To Net: NetName=1V8VCC Pin=C20-2
Added Pin To Net: NetName=1V8VCC Pin=C21-2
Added Pin To Net: NetName=1V8VCC Pin=U5-1
Added Pin To Net: NetName=1V8VCC Pin=U5-2
Added Net: Name=1V8VCC
Added Pin To Net: NetName=2V5ENA Pin=R14-2
Added Net: Name=2V5ENA
Added Pin To Net: NetName=2V5VCC Pin=C14-2
Added Pin To Net: NetName=2V5VCC Pin=C15-2
Added Pin To Net: NetName=2V5VCC Pin=C16-2
Added Pin To Net: NetName=2V5VCC Pin=C17-2
Added Pin To Net: NetName=2V5VCC Pin=U4-1
Added Pin To Net: NetName=2V5VCC Pin=U4-2
Added Net: Name=2V5VCC
Added Pin To Net: NetName=3V3OUT Pin=C3-1
Added Pin To Net: NetName=3V3OUT Pin=D1-1
Added Pin To Net: NetName=3V3OUT Pin=D2-1
Added Pin To Net: NetName=3V3OUT Pin=R1-2
Added Pin To Net: NetName=3V3OUT Pin=R2-2
Added Pin To Net: NetName=3V3OUT Pin=R3-2
Added Pin To Net: NetName=3V3OUT Pin=U1-3
Added Pin To Net: NetName=3V3OUT Pin=U1-10
Added Pin To Net: NetName=3V3OUT Pin=U1-11
Added Net: Name=3V3OUT
Added Pin To Net: NetName=3V3VCC Pin=C8-2
Added Pin To Net: NetName=3V3VCC Pin=C9-2
Added Pin To Net: NetName=3V3VCC Pin=C10-2
Added Pin To Net: NetName=3V3VCC Pin=C11-2
Added Pin To Net: NetName=3V3VCC Pin=C12-2
Added Pin To Net: NetName=3V3VCC Pin=C13-2
Added Pin To Net: NetName=3V3VCC Pin=U2-2
Added Pin To Net: NetName=3V3VCC Pin=U2-16
Added Pin To Net: NetName=3V3VCC Pin=U2-30
Added Pin To Net: NetName=3V3VCC Pin=U2-37
Added Pin To Net: NetName=3V3VCC Pin=U2-46
Added Pin To Net: NetName=3V3VCC Pin=U2-55
Added Pin To Net: NetName=3V3VCC Pin=U2-62
Added Pin To Net: NetName=3V3VCC Pin=U2-85
Added Pin To Net: NetName=3V3VCC Pin=U2-86
Added Pin To Net: NetName=3V3VCC Pin=U3-1
Added Pin To Net: NetName=3V3VCC Pin=U3-2
Added Net: Name=3V3VCC
Added Pin To Net: NetName=5VDC Pin=D3-1
Added Pin To Net: NetName=5VDC Pin=D4-1
Added Pin To Net: NetName=5VDC Pin=D5-1
Added Pin To Net: NetName=5VDC Pin=S1-1
Added Net: Name=5VDC
