Change Component Description : Designator=U3 Old Description=High Performance 80 MHz MIPS-Based 32-Bit Flash Microcontroller with USB, CAN and Ethernet, 512KB Program Memory, 100-pin TQFP, V-Temperature New Description=Quad 2-Input OR Buffered B series Gate, 14-Pin SOIC
Change Component Description : Designator=U8 Old Description=IC 8-BIT TRNSTR 15KV ESD 20TSSOP New Description=500 mA, Low Noise, CMOS LDO, 3.3 to 20 V Vin, 2.5 V Vout, Industrial, 8-pin SON (CP-8-5), Reel
Change Component Description : Designator=U7 Old Description=IC USB SERIAL BASIC UART 16SSOP New Description=500 mA, Low Noise, CMOS LDO, 3.3 to 20 V Vin, 3.3 V Vout, Industrial, 8-pin SON (CP-8-5), Reel
Change Component Description : Designator=R39 Old Description=RES 1K OHM 1/10W 5% 0603 SMD New Description=RES 100K OHM 1/10W 5% 0603 SMD
Change Component Description : Designator=R7 Old Description=RES 33 OHM 1/10W 5% 0603 SMD New Description=RES 249 OHM 1/10W 1% 0603 SMD
Change Component Description : Designator=R33 Old Description=RES 100K OHM 1/10W 5% 0603 SMD New Description=RES 100 OHM 1/10W 5% 0603 SMD
Change Component Description : Designator=R30 Old Description=RES 100 OHM 1/10W 5% 0603 SMD New Description=RES 1K OHM 1/10W 5% 0603 SMD
Change Component Description : Designator=R8 Old Description=RES 249 OHM 1/10W 1% 0603 SMD New Description=RES 33 OHM 1/10W 5% 0603 SMD
Change Component Library : Designator=U3 Old Library=Microchip PIC32.IntLib New Library=FSC Logic Gate.IntLib
Change Component Library : Designator=U7 Old Library=Schlib1.SchLib New Library=Analog Devices Power Management Linear Regulators.IntLib
Change Component Library : Designator=U8 Old Library=Schlib1.SchLib New Library=Analog Devices Power Management Linear Regulators.IntLib
Change Component Library : Designator=J16 Old Library=Schlib1.SchLib New Library=Miscellaneous Connectors.IntLib
Added Component: Designator=J17(1x3POS_HEADER)
Added Component: Designator=J26(2P_PCB_ScrewTerm_90S_3.81MM)
Added Component: Designator=J27(2P_PCB_ScrewTerm_90S_3.81MM)
Added Pin To Net: NetName=5VDC Pin=C18-1
Added Pin To Net: NetName=GND Pin=C18-2
Added Pin To Net: NetName=3V3VCC Pin=C19-2
Added Pin To Net: NetName=SOSC2 Pin=C20-2
Added Pin To Net: NetName=OSC1 Pin=C21-2
Added Pin To Net: NetName=OSC2 Pin=C22-2
Added Pin To Net: NetName=SOSC1 Pin=C23-2
Added Pin To Net: NetName=3V3VCC Pin=C24-2
Added Pin To Net: NetName=3V3VCC Pin=C25-2
Added Pin To Net: NetName=3V3VCC Pin=C26-2
Added Pin To Net: NetName=3V3VCC Pin=C27-2
Added Pin To Net: NetName=5VDC Pin=C33-2
Added Pin To Net: NetName=2V5VCC Pin=C34-2
Added Pin To Net: NetName=5VDC Pin=C35-2
Added Pin To Net: NetName=1V8VCC Pin=C36-2
Added Pin To Net: NetName=GND Pin=C38-1
Added Pin To Net: NetName=2V5VCC Pin=C39-2
Added Pin To Net: NetName=GND Pin=C40-1
Added Pin To Net: NetName=2V5VCC Pin=C40-2
Added Pin To Net: NetName=2V5VCC Pin=C41-2
Added Pin To Net: NetName=GND Pin=C42-1
Added Pin To Net: NetName=1V8VCC Pin=C42-2
Added Pin To Net: NetName=1V8VCC Pin=C43-2
Added Pin To Net: NetName=1V8VCC Pin=C44-2
Added Pin To Net: NetName=1V8VCC Pin=C45-2
Added Pin To Net: NetName=X_ENA Pin=J1-1
Added Pin To Net: NetName=5VOUT Pin=J1-2
Added Pin To Net: NetName=X_SLP Pin=J1-3
Added Pin To Net: NetName=X_RST Pin=J1-4
Added Pin To Net: NetName=X_DIR Pin=J1-5
Added Pin To Net: NetName=X_STEP Pin=J1-6
Added Pin To Net: NetName=X_MS2 Pin=J1-7
Added Pin To Net: NetName=X_MS1 Pin=J1-8
Added Pin To Net: NetName=X_HM Pin=J1-9
Added Pin To Net: NetName=GND Pin=J1-10
Added Pin To Net: NetName=VBUS Pin=J6-1
Added Pin To Net: NetName=USB_D- Pin=J6-2
Added Pin To Net: NetName=USB_D+ Pin=J6-3
Added Pin To Net: NetName=GND Pin=J6-5
Added Pin To Net: NetName=MDI_TP Pin=J7-1
Added Pin To Net: NetName=3V3VCC Pin=J7-2
Added Pin To Net: NetName=MDI_TN Pin=J7-3
Added Pin To Net: NetName=MDI_RP Pin=J7-4
Added Pin To Net: NetName=3V3VCC Pin=J7-5
Added Pin To Net: NetName=MDI_RN Pin=J7-6
Added Pin To Net: NetName=GND Pin=J7-8
Added Pin To Net: NetName=LED_LINK Pin=J7-9
Added Pin To Net: NetName=LED_ACT Pin=J7-11
Added Pin To Net: NetName=GND Pin=J7-13
Added Pin To Net: NetName=GND Pin=J7-14
Added Pin To Net: NetName=GND Pin=J7-15
Added Pin To Net: NetName=GND Pin=J7-16
Added Pin To Net: NetName=GND Pin=J8-5
Added Pin To Net: NetName=X_MAX Pin=J9-1
Added Pin To Net: NetName=5VDC Pin=J9-2
Added Pin To Net: NetName=GND Pin=J9-3
Added Pin To Net: NetName=X_MIN Pin=J10-1
Added Pin To Net: NetName=Y_MAX Pin=J11-1
Added Pin To Net: NetName=5VDC Pin=J11-2
Added Pin To Net: NetName=GND Pin=J11-3
Added Pin To Net: NetName=Y_MIN Pin=J12-1
Added Pin To Net: NetName=Z_MAX Pin=J13-1
Added Pin To Net: NetName=Z_MIN Pin=J14-1
Added Pin To Net: NetName=5VDC Pin=J15-1
Added Pin To Net: NetName=GND Pin=J15-4
Added Pin To Net: NetName=3V3VCC Pin=J16-2
Added Pin To Net: NetName=PGD Pin=J16-4
Added Pin To Net: NetName=GPIO1 Pin=J18-1
Added Pin To Net: NetName=GPIO2 Pin=J18-2
Added Pin To Net: NetName=GPIO3 Pin=J18-3
Added Pin To Net: NetName=GPIO4 Pin=J18-4
Added Pin To Net: NetName=GPIO5 Pin=J18-5
Added Pin To Net: NetName=GPIO6 Pin=J18-6
Added Pin To Net: NetName=GPIO7 Pin=J18-7
Added Pin To Net: NetName=GPIO8 Pin=J18-8
Added Pin To Net: NetName=GPIO9 Pin=J18-9
Added Pin To Net: NetName=GPIO10 Pin=J18-10
Added Pin To Net: NetName=\MCLR Pin=J19-1
Added Pin To Net: NetName=3V3VCC Pin=J19-2
Added Pin To Net: NetName=GND Pin=J19-3
Added Pin To Net: NetName=PGD Pin=J19-4
Added Pin To Net: NetName=PGC Pin=J19-5
Added Pin To Net: NetName=CAN_RX Pin=J20-1
Added Pin To Net: NetName=CAN_TX Pin=J20-2
Added Pin To Net: NetName=I2C_SDA Pin=J20-3
Added Pin To Net: NetName=SPI_CLK Pin=J20-4
Added Pin To Net: NetName=I2C_SCL Pin=J20-5
Added Pin To Net: NetName=SPI_MOSI Pin=J20-6
Added Pin To Net: NetName=SPI_MISO Pin=J20-7
Added Pin To Net: NetName=SPI_S\S\1\ Pin=J20-8
Added Pin To Net: NetName=SPI_S\S\2\ Pin=J20-9
Added Pin To Net: NetName=SPI_S\S\3\ Pin=J20-10
Added Pin To Net: NetName=ANALOG1 Pin=J21-1
Added Pin To Net: NetName=ANALOG2 Pin=J21-2
Added Pin To Net: NetName=ANALOG3 Pin=J21-3
Added Pin To Net: NetName=ANALOG4 Pin=J21-4
Added Pin To Net: NetName=ANALOG5 Pin=J21-5
Added Pin To Net: NetName=ANALOG6 Pin=J21-6
Added Pin To Net: NetName=AUX_PWM Pin=J22-1
Added Pin To Net: NetName=AUX_INT Pin=J22-2
Added Pin To Net: NetName=5VDC Pin=J23-2
Added Pin To Net: NetName=3V3VCC Pin=J24-2
Added Pin To Net: NetName=GND Pin=J25-2
Added Pin To Net: NetName=GND Pin=J25-3
Added Pin To Net: NetName=3V3VCC Pin=R7-2
Added Pin To Net: NetName=GND Pin=R30-1
Added Pin To Net: NetName=5V3V_ENA Pin=R30-2
Added Pin To Net: NetName=NetD3_2 Pin=R31-2
Added Pin To Net: NetName=NetD4_2 Pin=R32-2
Added Pin To Net: NetName=NetC36_1 Pin=R33-1
Added Pin To Net: NetName=NetD5_2 Pin=R33-2
Added Pin To Net: NetName=GND Pin=R35-1
Added Pin To Net: NetName=2V5ENA Pin=R36-1
Added Pin To Net: NetName=GND Pin=R37-1
Added Pin To Net: NetName=1V8ENA Pin=R38-1
Added Pin To Net: NetName=GND Pin=S1-1
Added Pin To Net: NetName=NetR21_1 Pin=U2-2
Added Pin To Net: NetName=3V3OUT Pin=U2-3
Added Pin To Net: NetName=GND Pin=U2-5
Added Pin To Net: NetName=NetR20_1 Pin=U2-6
Added Pin To Net: NetName=NetR23_1 Pin=U2-7
Added Pin To Net: NetName=NetC12_2 Pin=U2-8
Added Pin To Net: NetName=NetC13_2 Pin=U2-9
Added Pin To Net: NetName=3V3OUT Pin=U2-10
Added Pin To Net: NetName=3V3OUT Pin=U2-11
Added Pin To Net: NetName=VCC Pin=U2-12
Added Pin To Net: NetName=GND Pin=U2-13
Added Pin To Net: NetName=NetR22_1 Pin=U2-14
Added Pin To Net: NetName=NetR19_1 Pin=U2-15
Added Pin To Net: NetName=X_MIN Pin=U3-1
Added Pin To Net: NetName=X_MAX Pin=U3-2
Added Pin To Net: NetName=X_LIMIT Pin=U3-3
Added Pin To Net: NetName=LIMIT_INT Pin=U3-4
Added Pin To Net: NetName=Y_LIMIT Pin=U3-5
Added Pin To Net: NetName=X_LIMIT Pin=U3-6
Added Pin To Net: NetName=GND Pin=U3-7
Added Pin To Net: NetName=Y_MIN Pin=U3-8
Added Pin To Net: NetName=Y_MAX Pin=U3-9
Added Pin To Net: NetName=Y_LIMIT Pin=U3-10
Added Pin To Net: NetName=Z_LIMIT Pin=U3-11
Added Pin To Net: NetName=Z_MIN Pin=U3-12
Added Pin To Net: NetName=Z_MAX Pin=U3-13
Added Pin To Net: NetName=VDD Pin=U3-14
Added Pin To Net: NetName=GPIO6 Pin=U4-1
Added Pin To Net: NetName=5V3V_ENA Pin=U4-3
Added Pin To Net: NetName=GPIO9 Pin=U4-4
Added Pin To Net: NetName=GPIO7 Pin=U4-5
Added Pin To Net: NetName=GPIO10 Pin=U4-6
Added Pin To Net: NetName=X_LIM Pin=U4-7
Added Pin To Net: NetName=Y_LIM Pin=U4-8
Added Pin To Net: NetName=GPIO8 Pin=U4-9
Added Pin To Net: NetName=5V3V_ENA Pin=U4-10
Added Pin To Net: NetName=NetU1_40 Pin=U4-12
Added Pin To Net: NetName=\MCLR Pin=U4-13
Added Pin To Net: NetName=EREF_CLK Pin=U4-14
Added Pin To Net: NetName=GND Pin=U4-15
Added Pin To Net: NetName=3V3VCC Pin=U4-16
Added Pin To Net: NetName=AUX_INT Pin=U4-19
Added Pin To Net: NetName=X_ENA Pin=U4-20
Added Pin To Net: NetName=X_DIR Pin=U4-21
Added Pin To Net: NetName=ANALOG2 Pin=U4-22
Added Pin To Net: NetName=ANALOG1 Pin=U4-23
Added Pin To Net: NetName=PGC Pin=U4-24
Added Pin To Net: NetName=PGD Pin=U4-25
Added Pin To Net: NetName=X_MS1 Pin=U4-26
Added Pin To Net: NetName=X_MS2 Pin=U4-27
Added Pin To Net: NetName=Z_MS2 Pin=U4-28
Added Pin To Net: NetName=NetC17_2 Pin=U4-30
Added Pin To Net: NetName=NetC17_1 Pin=U4-31
Added Pin To Net: NetName=X_HOME Pin=U4-32
Added Pin To Net: NetName=ANALOG3 Pin=U4-33
Added Pin To Net: NetName=ANALOG4 Pin=U4-34
Added Pin To Net: NetName=ERXERR Pin=U4-35
Added Pin To Net: NetName=GND Pin=U4-36
Added Pin To Net: NetName=3V3VCC Pin=U4-37
Added Pin To Net: NetName=Z_DIR Pin=U4-38
Added Pin To Net: NetName=GPIO2 Pin=U4-39
Added Pin To Net: NetName=SPI_S\S\3\ Pin=U4-40
Added Pin To Net: NetName=ERXD0 Pin=U4-41
Added Pin To Net: NetName=ERXD1 Pin=U4-42
Added Pin To Net: NetName=ANALOG5 Pin=U4-43
Added Pin To Net: NetName=ANALOG6 Pin=U4-44
Added Pin To Net: NetName=GND Pin=U4-45
Added Pin To Net: NetName=3V3VCC Pin=U4-46
Added Pin To Net: NetName=SPI_S\S\2\ Pin=U4-47
Added Pin To Net: NetName=SPI_CLK Pin=U4-48
Added Pin To Net: NetName=GPIO1 Pin=U4-51
Added Pin To Net: NetName=SPI_MOSI Pin=U4-52
Added Pin To Net: NetName=SPI_MISO Pin=U4-53
Added Pin To Net: NetName=VBUS Pin=U4-54
Added Pin To Net: NetName=3V3VCC Pin=U4-55
Added Pin To Net: NetName=USB_D- Pin=U4-56
Added Pin To Net: NetName=USB_D+ Pin=U4-57
Added Pin To Net: NetName=I2C_SDA Pin=U4-58
Added Pin To Net: NetName=I2C_SCL Pin=U4-59
Added Pin To Net: NetName=Z_HOME Pin=U4-61
Added Pin To Net: NetName=3V3VCC Pin=U4-62
Added Pin To Net: NetName=OSC1 Pin=U4-63
Added Pin To Net: NetName=OSC2 Pin=U4-64
Added Pin To Net: NetName=GND Pin=U4-65
Added Pin To Net: NetName=INT3/SCL1/RA14 Pin=U4-66
Added Pin To Net: NetName=XY_LIM Pin=U4-67
Added Pin To Net: NetName=SPI_S\S\1\ Pin=U4-69
Added Pin To Net: NetName=SP_TACH Pin=U4-70
Added Pin To Net: NetName=NetU1_31 Pin=U4-71
Added Pin To Net: NetName=X_STEP Pin=U4-72
Added Pin To Net: NetName=SOSC1 Pin=U4-73
Added Pin To Net: NetName=SOSC2 Pin=U4-74
Added Pin To Net: NetName=GND Pin=U4-75
Added Pin To Net: NetName=Y1_STEP Pin=U4-76
Added Pin To Net: NetName=Z_STEP Pin=U4-77
Added Pin To Net: NetName=SP_SPEED Pin=U4-78
Added Pin To Net: NetName=SP_DIR Pin=U4-79
Added Pin To Net: NetName=SP_ENA Pin=U4-80
Added Pin To Net: NetName=AUX_PWM Pin=U4-81
Added Pin To Net: NetName=SP_VCC Pin=U4-82
Added Pin To Net: NetName=NetR10_1 Pin=U4-83
Added Pin To Net: NetName=Y2_HOME Pin=U4-84
Added Pin To Net: NetName=NetC16_2 Pin=U4-85
Added Pin To Net: NetName=3V3VCC Pin=U4-86
Added Pin To Net: NetName=NetR9_1 Pin=U4-87
Added Pin To Net: NetName=CAN_TX Pin=U4-89
Added Pin To Net: NetName=CAN_RX Pin=U4-90
Added Pin To Net: NetName=Z_ENA Pin=U4-91
Added Pin To Net: NetName=Z_MS1 Pin=U4-92
Added Pin To Net: NetName=Y1_DIR Pin=U4-93
Added Pin To Net: NetName=Y1_ENA Pin=U4-94
Added Pin To Net: NetName=GPIO5 Pin=U4-95
Added Pin To Net: NetName=GPIO3 Pin=U4-96
Added Pin To Net: NetName=GPIO4 Pin=U4-97
Added Pin To Net: NetName=Y1_MS1 Pin=U4-98
Added Pin To Net: NetName=Y1_MS2 Pin=U4-99
Added Pin To Net: NetName=Y1_HOME Pin=U4-100
Added Pin To Net: NetName=X_LIM Pin=U5-1
Added Pin To Net: NetName=3V3VCC Pin=U5-2
Added Pin To Net: NetName=Y_LIM Pin=U5-3
Added Pin To Net: NetName=XY_LIM Pin=U5-4
Added Pin To Net: NetName=Z_HOME Pin=U5-6
Added Pin To Net: NetName=X_HOME Pin=U5-7
Added Pin To Net: NetName=Y2_HOME Pin=U5-8
Added Pin To Net: NetName=Y1_HOME Pin=U5-9
Added Pin To Net: NetName=5V3V_ENA Pin=U5-10
Added Pin To Net: NetName=GND Pin=U5-11
Added Pin To Net: NetName=Y1_HM Pin=U5-12
Added Pin To Net: NetName=Y2_HM Pin=U5-13
Added Pin To Net: NetName=X_HM Pin=U5-14
Added Pin To Net: NetName=Z_HM Pin=U5-15
Added Pin To Net: NetName=Z_LIMIT Pin=U5-16
Added Pin To Net: NetName=LIMIT_INT Pin=U5-17
Added Pin To Net: NetName=Y_LIMIT Pin=U5-18
Added Pin To Net: NetName=5VDC Pin=U5-19
Added Pin To Net: NetName=X_LIMIT Pin=U5-20
Added Pin To Net: NetName=Y1_DIR Pin=U6-1
Added Pin To Net: NetName=Y2_DIR Pin=U6-2
Added Pin To Net: NetName=GND Pin=U6-7
Added Pin To Net: NetName=VDD Pin=U6-14
Added Pin To Net: NetName=3V3VCC Pin=U7-1
Added Pin To Net: NetName=3V3VCC Pin=U7-2
Added Pin To Net: NetName=GND Pin=U7-3
Added Pin To Net: NetName=GND Pin=U7-6
Added Pin To Net: NetName=5VDC Pin=U7-8
Added Pin To Net: NetName=GND Pin=U7-9
Added Pin To Net: NetName=2V5VCC Pin=U8-1
Added Pin To Net: NetName=2V5VCC Pin=U8-2
Added Pin To Net: NetName=GND Pin=U8-3
Added Pin To Net: NetName=GND Pin=U8-6
Added Pin To Net: NetName=5VDC Pin=U8-8
Added Pin To Net: NetName=GND Pin=U8-9
Added Pin To Net: NetName=1V8VCC Pin=U9-1
Added Pin To Net: NetName=1V8VCC Pin=U9-2
Added Pin To Net: NetName=GND Pin=U9-3
Added Pin To Net: NetName=GND Pin=U9-6
Added Pin To Net: NetName=NetC36_1 Pin=U9-7
Added Pin To Net: NetName=5VDC Pin=U9-8
Added Pin To Net: NetName=GND Pin=U9-9
Added Pin To Net: NetName=SOSC1 Pin=Y2-1
Added Pin To Net: NetName=SOSC2 Pin=Y2-2
Added Pin To Net: NetName=OSC1 Pin=Y3-1
Added Pin To Net: NetName=GND Pin=Y3-2
Added Pin To Net: NetName=OSC2 Pin=Y3-3
Added Pin To Net: NetName=GND Pin=Y3-4
Added Pin To Net: NetName=NetC32_1 Pin=C32-1
Added Pin To Net: NetName=NetC32_1 Pin=R31-1
Added Pin To Net: NetName=NetC32_1 Pin=U7-7
Added Net: Name=NetC32_1
Added Pin To Net: NetName=NetC34_1 Pin=C34-1
Added Pin To Net: NetName=NetC34_1 Pin=R32-1
Added Pin To Net: NetName=NetC34_1 Pin=U8-7
Added Net: Name=NetC34_1
Added Pin To Net: NetName=NetJ7_10 Pin=J7-10
Added Pin To Net: NetName=NetJ7_10 Pin=R6-1
Added Net: Name=NetJ7_10
Added Pin To Net: NetName=NetJ7_12 Pin=J7-12
Added Pin To Net: NetName=NetJ7_12 Pin=R7-1
Added Net: Name=NetJ7_12
Added Pin To Net: NetName=NetJ8_1 Pin=J8-1
Added Pin To Net: NetName=NetJ8_1 Pin=R24-1
Added Net: Name=NetJ8_1
Added Pin To Net: NetName=NetJ8_2 Pin=J8-2
Added Pin To Net: NetName=NetJ8_2 Pin=R25-1
Added Net: Name=NetJ8_2
Added Pin To Net: NetName=NetJ8_3 Pin=J8-3
Added Pin To Net: NetName=NetJ8_3 Pin=R26-1
Added Net: Name=NetJ8_3
Added Pin To Net: NetName=NetJ15_2 Pin=J15-2
Added Pin To Net: NetName=NetJ15_2 Pin=U4-17
Added Net: Name=NetJ15_2
Added Pin To Net: NetName=NetJ17_1 Pin=J17-1
Added Pin To Net: NetName=NetJ17_1 Pin=SW1-1
Added Net: Name=NetJ17_1
Added Pin To Net: NetName=NetR8_1 Pin=R8-1
Added Pin To Net: NetName=NetR8_1 Pin=U4-88
Added Net: Name=NetR8_1
Added Pin To Net: NetName=NetR8_2 Pin=R8-2
Added Pin To Net: NetName=NetR8_2 Pin=U1-3
Added Net: Name=NetR8_2
Added Pin To Net: NetName=NetR34_1 Pin=R34-1
Added Pin To Net: NetName=NetR34_1 Pin=S1-3
Added Net: Name=NetR34_1
Added Pin To Net: NetName=NetR34_2 Pin=R34-2
Added Pin To Net: NetName=NetR34_2 Pin=R35-2
Added Pin To Net: NetName=NetR34_2 Pin=U7-5
Added Net: Name=NetR34_2
Added Pin To Net: NetName=NetR36_2 Pin=R36-2
Added Pin To Net: NetName=NetR36_2 Pin=R37-2
Added Pin To Net: NetName=NetR36_2 Pin=U8-5
Added Net: Name=NetR36_2
Added Pin To Net: NetName=NetR38_2 Pin=R38-2
Added Pin To Net: NetName=NetR38_2 Pin=R39-2
Added Pin To Net: NetName=NetR38_2 Pin=U9-5
Added Net: Name=NetR38_2
Added Pin To Net: NetName=NetU2_1 Pin=U2-1
Added Pin To Net: NetName=NetU2_1 Pin=U4-49
Added Net: Name=NetU2_1
Added Pin To Net: NetName=NetU2_4 Pin=U2-4
Added Pin To Net: NetName=NetU2_4 Pin=U4-50
Added Net: Name=NetU2_4
Added Pin To Net: NetName=NetU4_68 Pin=U4-68
Added Net: Name=NetU4_68
