Added Component: Designator=C1(cap_0603)
Added Component: Designator=C2(cap_0603)
Added Component: Designator=C3(cap_0805)
Added Component: Designator=C4(cap_0603)
Added Component: Designator=C5(cap_0603)
Added Component: Designator=C6(cap_0603)
Added Component: Designator=C7(cap_0603)
Added Component: Designator=C8(cap_0805)
Added Component: Designator=C9(cap_0603)
Added Component: Designator=C10(cap_0603)
Added Component: Designator=C11(cap_0603)
Added Component: Designator=C12(cap_0603)
Added Component: Designator=C13(cap_0603)
Added Component: Designator=C14(cap_0603)
Added Component: Designator=C15(cap_0805)
Added Component: Designator=C16(cap_0805)
Added Component: Designator=C17(cap_0805)
Added Component: Designator=C18(cap_0603)
Added Component: Designator=C19(cap_0603)
Added Component: Designator=C20(cap_0603)
Added Component: Designator=C21(cap_0603)
Added Component: Designator=C22(cap_0603)
Added Component: Designator=C23(cap_0603)
Added Component: Designator=C24(cap_0603)
Added Component: Designator=C25(cap_0603)
Added Component: Designator=C26(cap_0603)
Added Component: Designator=C27(cap_0603)
Added Component: Designator=C28(cap_0603)
Added Component: Designator=C29(cap_0603)
Added Component: Designator=C30(cap_0603)
Added Component: Designator=C31(cap_0603)
Added Component: Designator=C32(cap_0805)
Added Component: Designator=C33(cap_0805)
Added Component: Designator=C34(cap_0805)
Added Component: Designator=C35(cap_0805)
Added Component: Designator=C36(cap_0805)
Added Component: Designator=C37(cap_0805)
Added Component: Designator=C38(cap_0603)
Added Component: Designator=C39(cap_0603)
Added Component: Designator=C40(cap_0603)
Added Component: Designator=C41(cap_0603)
Added Component: Designator=C42(cap_0603)
Added Component: Designator=C43(cap_0603)
Added Component: Designator=C44(cap_0603)
Added Component: Designator=C45(cap_0603)
Added Component: Designator=D1(1.6X0.8X0.8)
Added Component: Designator=D2(1.6X0.8X0.8)
Added Component: Designator=D3(1.6X0.8X0.8)
Added Component: Designator=D4(1.6X0.8X0.8)
Added Component: Designator=D5(1.6X0.8X0.8)
Added Component: Designator=J1(10P_PCB_HEADER_BRD_MNT)
Added Component: Designator=J2(10P_PCB_HEADER_BRD_MNT)
Added Component: Designator=J3(10P_PCB_HEADER_BRD_MNT)
Added Component: Designator=J4(10P_PCB_HEADER_BRD_MNT)
Added Component: Designator=J5(10P_PCB_HEADER_BRD_MNT)
Added Component: Designator=J6(MUSB-05-X-B-SM-A)
Added Component: Designator=J7(ETHERNET)
Added Component: Designator=J8(MUSB-05-X-B-SM-A)
Added Component: Designator=J9(HDR1X4)
Added Component: Designator=J10(HDR1X4)
Added Component: Designator=J11(HDR1X4)
Added Component: Designator=J12(HDR1X4)
Added Component: Designator=J13(HDR1X4)
Added Component: Designator=J14(HDR1X4)
Added Component: Designator=J15(HDR1X4)
Added Component: Designator=J16(HDR1X6)
Added Component: Designator=J17(1x3POS_HEADER)
Added Component: Designator=J18(10P_PCB_HEADER_BRD_MNT)
Added Component: Designator=J19(95001-2661)
Added Component: Designator=J20(10P_PCB_HEADER_BRD_MNT)
Added Component: Designator=J21(6P_PCB_ScrewTerm_90S_3.81MM)
Added Component: Designator=J22(2P_PCB_ScrewTerm_90S_3.81MM)
Added Component: Designator=J23(2P_PCB_ScrewTerm_90S_3.81MM)
Added Component: Designator=J24(2P_PCB_ScrewTerm_90S_3.81MM)
Added Component: Designator=J25(CONN_PWR_JACK_2.1x5.5mm)
Added Component: Designator=J26(2P_PCB_ScrewTerm_90S_3.81MM)
Added Component: Designator=J27(2P_PCB_ScrewTerm_90S_3.81MM)
Added Component: Designator=R1(RES_0603)
Added Component: Designator=R2(RES_0603)
Added Component: Designator=R3(RES_0603)
Added Component: Designator=R4(RES_0603)
Added Component: Designator=R5(RES_0603)
Added Component: Designator=R6(RES_0603)
Added Component: Designator=R7(RES_0603)
Added Component: Designator=R8(RES_0603)
Added Component: Designator=R9(RES_0603)
Added Component: Designator=R10(RES_0603)
Added Component: Designator=R11(RES_0603)
Added Component: Designator=R12(RES_0603)
Added Component: Designator=R13(RES_0603)
Added Component: Designator=R14(RES_0603)
Added Component: Designator=R15(RES_0603)
Added Component: Designator=R16(RES_0603)
Added Component: Designator=R17(RES_0603)
Added Component: Designator=R18(RES_0603)
Added Component: Designator=R19(RES_0603)
Added Component: Designator=R20(RES_0603)
Added Component: Designator=R21(RES_0603)
Added Component: Designator=R22(RES_0603)
Added Component: Designator=R23(RES_0603)
Added Component: Designator=R24(RES_0603)
Added Component: Designator=R25(RES_0603)
Added Component: Designator=R26(RES_0603)
Added Component: Designator=R27(RES_0603)
Added Component: Designator=R28(RES_0603)
Added Component: Designator=R29(RES_0603)
Added Component: Designator=R30(RES_0603)
Added Component: Designator=R31(RES_0603)
Added Component: Designator=R32(RES_0603)
Added Component: Designator=R33(RES_0603)
Added Component: Designator=R34(RES_0603)
Added Component: Designator=R35(RES_0603)
Added Component: Designator=R36(RES_0603)
Added Component: Designator=R37(RES_0603)
Added Component: Designator=R38(RES_0603)
Added Component: Designator=R39(RES_0603)
Added Component: Designator=S1(SWITCH_SPDT_SLIDER)
Added Component: Designator=SW1(TL1015_TACT_SWITCH)
Added Component: Designator=TP1(TP)
Added Component: Designator=U1(VBH48A_N)
Added Component: Designator=U2(SSOP-16_M)
Added Component: Designator=U3(M14A_N)
Added Component: Designator=U4(TQFP-PF100_N)
Added Component: Designator=U5(TSSOP-20)
Added Component: Designator=U6(M14A_N)
Added Component: Designator=U7(ADI-CP-8-5_V)
Added Component: Designator=U8(ADI-CP-8-5_V)
Added Component: Designator=U9(ADI-CP-8-5_V)
Added Component: Designator=Y1(K50-3C)
Added Component: Designator=Y2(4-SOJ_5.5MM_PITCH)
Added Component: Designator=Y3(ABM3B_XTAL)
Added Pin To Net: NetName=GND Pin=C1-1
Added Pin To Net: NetName=3V3VCC Pin=C1-2
Added Pin To Net: NetName=GND Pin=C2-1
Added Pin To Net: NetName=3V3VCC Pin=C2-2
Added Pin To Net: NetName=NetC3_1 Pin=C3-1
Added Pin To Net: NetName=NetC3_2 Pin=C3-2
Added Pin To Net: NetName=GND Pin=C4-1
Added Pin To Net: NetName=VCC Pin=C4-2
Added Pin To Net: NetName=NetC3_1 Pin=C5-1
Added Pin To Net: NetName=NetC3_2 Pin=C5-2
Added Pin To Net: NetName=3V3OUT Pin=C6-2
Added Pin To Net: NetName=GND Pin=C7-1
Added Pin To Net: NetName=PFOUT Pin=C7-2
Added Pin To Net: NetName=GND Pin=C8-1
Added Pin To Net: NetName=PFOUT Pin=C8-2
Added Pin To Net: NetName=GND Pin=C9-1
Added Pin To Net: NetName=PFOUT Pin=C9-2
Added Pin To Net: NetName=GND Pin=C10-1
Added Pin To Net: NetName=PFOUT Pin=C10-2
Added Pin To Net: NetName=GND Pin=C11-1
Added Pin To Net: NetName=3V3VCC Pin=C11-2
Added Pin To Net: NetName=GND Pin=C12-1
Added Pin To Net: NetName=NetC12_2 Pin=C12-2
Added Pin To Net: NetName=GND Pin=C13-1
Added Pin To Net: NetName=NetC13_2 Pin=C13-2
Added Pin To Net: NetName=GND Pin=C14-1
Added Pin To Net: NetName=3V3OUT Pin=C14-2
Added Pin To Net: NetName=NetC15_1 Pin=C15-1
Added Pin To Net: NetName=NetC15_2 Pin=C15-2
Added Pin To Net: NetName=GND Pin=C16-1
Added Pin To Net: NetName=NetC16_2 Pin=C16-2
Added Pin To Net: NetName=NetC17_1 Pin=C17-1
Added Pin To Net: NetName=NetC17_2 Pin=C17-2
Added Pin To Net: NetName=5VDC Pin=C18-1
Added Pin To Net: NetName=GND Pin=C18-2
Added Pin To Net: NetName=GND Pin=C19-1
Added Pin To Net: NetName=3V3VCC Pin=C19-2
Added Pin To Net: NetName=GND Pin=C20-1
Added Pin To Net: NetName=SOSC2 Pin=C20-2
Added Pin To Net: NetName=GND Pin=C21-1
Added Pin To Net: NetName=OSC1 Pin=C21-2
Added Pin To Net: NetName=GND Pin=C22-1
Added Pin To Net: NetName=OSC2 Pin=C22-2
Added Pin To Net: NetName=GND Pin=C23-1
Added Pin To Net: NetName=SOSC1 Pin=C23-2
Added Pin To Net: NetName=GND Pin=C24-1
Added Pin To Net: NetName=3V3VCC Pin=C24-2
Added Pin To Net: NetName=GND Pin=C25-1
Added Pin To Net: NetName=3V3VCC Pin=C25-2
Added Pin To Net: NetName=GND Pin=C26-1
Added Pin To Net: NetName=3V3VCC Pin=C26-2
Added Pin To Net: NetName=GND Pin=C27-1
Added Pin To Net: NetName=3V3VCC Pin=C27-2
Added Pin To Net: NetName=GND Pin=C28-1
Added Pin To Net: NetName=3V3VCC Pin=C28-2
Added Pin To Net: NetName=GND Pin=C29-1
Added Pin To Net: NetName=3V3VCC Pin=C29-2
Added Pin To Net: NetName=GND Pin=C30-1
Added Pin To Net: NetName=3V3VCC Pin=C30-2
Added Pin To Net: NetName=GND Pin=C31-1
Added Pin To Net: NetName=3V3VCC Pin=C31-2
Added Pin To Net: NetName=NetC32_1 Pin=C32-1
Added Pin To Net: NetName=3V3VCC Pin=C32-2
Added Pin To Net: NetName=GND Pin=C33-1
Added Pin To Net: NetName=5VDC Pin=C33-2
Added Pin To Net: NetName=NetC34_1 Pin=C34-1
Added Pin To Net: NetName=2V5VCC Pin=C34-2
Added Pin To Net: NetName=GND Pin=C35-1
Added Pin To Net: NetName=5VDC Pin=C35-2
Added Pin To Net: NetName=NetC36_1 Pin=C36-1
Added Pin To Net: NetName=1V8VCC Pin=C36-2
Added Pin To Net: NetName=GND Pin=C37-1
Added Pin To Net: NetName=5VDC Pin=C37-2
Added Pin To Net: NetName=GND Pin=C38-1
Added Pin To Net: NetName=2V5VCC Pin=C38-2
Added Pin To Net: NetName=GND Pin=C39-1
Added Pin To Net: NetName=2V5VCC Pin=C39-2
Added Pin To Net: NetName=GND Pin=C40-1
Added Pin To Net: NetName=2V5VCC Pin=C40-2
Added Pin To Net: NetName=GND Pin=C41-1
Added Pin To Net: NetName=2V5VCC Pin=C41-2
Added Pin To Net: NetName=GND Pin=C42-1
Added Pin To Net: NetName=1V8VCC Pin=C42-2
Added Pin To Net: NetName=GND Pin=C43-1
Added Pin To Net: NetName=1V8VCC Pin=C43-2
Added Pin To Net: NetName=GND Pin=C44-1
Added Pin To Net: NetName=1V8VCC Pin=C44-2
Added Pin To Net: NetName=GND Pin=C45-1
Added Pin To Net: NetName=1V8VCC Pin=C45-2
Added Pin To Net: NetName=3V3OUT Pin=D1-1
Added Pin To Net: NetName=NetD1_2 Pin=D1-2
Added Pin To Net: NetName=3V3OUT Pin=D2-1
Added Pin To Net: NetName=NetD2_2 Pin=D2-2
Added Pin To Net: NetName=NetD3_1 Pin=D3-1
Added Pin To Net: NetName=NetD3_2 Pin=D3-2
Added Pin To Net: NetName=5VDC Pin=D4-1
Added Pin To Net: NetName=NetD4_2 Pin=D4-2
Added Pin To Net: NetName=NetD3_1 Pin=D5-1
Added Pin To Net: NetName=NetD5_2 Pin=D5-2
Added Pin To Net: NetName=X_ENA Pin=J1-1
Added Pin To Net: NetName=5VOUT Pin=J1-2
Added Pin To Net: NetName=X_SLP Pin=J1-3
Added Pin To Net: NetName=X_RST Pin=J1-4
Added Pin To Net: NetName=X_DIR Pin=J1-5
Added Pin To Net: NetName=X_STEP Pin=J1-6
Added Pin To Net: NetName=X_MS2 Pin=J1-7
Added Pin To Net: NetName=X_MS1 Pin=J1-8
Added Pin To Net: NetName=X_HM Pin=J1-9
Added Pin To Net: NetName=GND Pin=J1-10
Added Pin To Net: NetName=Y1_ENA Pin=J2-1
Added Pin To Net: NetName=Y2_5V Pin=J2-2
Added Pin To Net: NetName=Y2_SLP Pin=J2-3
Added Pin To Net: NetName=Y2_RST Pin=J2-4
Added Pin To Net: NetName=Y2_DIR Pin=J2-5
Added Pin To Net: NetName=Y2_STEP Pin=J2-6
Added Pin To Net: NetName=Y2_MS2 Pin=J2-7
Added Pin To Net: NetName=Y1_MS2 Pin=J2-8
Added Pin To Net: NetName=Y2_HM Pin=J2-9
Added Pin To Net: NetName=GND Pin=J2-10
Added Pin To Net: NetName=Y1_ENA Pin=J3-1
Added Pin To Net: NetName=Y1_5V Pin=J3-2
Added Pin To Net: NetName=Y1_SLP Pin=J3-3
Added Pin To Net: NetName=Y1_RST Pin=J3-4
Added Pin To Net: NetName=Y1_DIR Pin=J3-5
Added Pin To Net: NetName=Y1_STEP Pin=J3-6
Added Pin To Net: NetName=Y1_MS2 Pin=J3-7
Added Pin To Net: NetName=Y1_MS1 Pin=J3-8
Added Pin To Net: NetName=Y1_HM Pin=J3-9
Added Pin To Net: NetName=GND Pin=J3-10
Added Pin To Net: NetName=Z_ENA Pin=J4-1
Added Pin To Net: NetName=Z_5V Pin=J4-2
Added Pin To Net: NetName=Z_SLP Pin=J4-3
Added Pin To Net: NetName=Z_RST Pin=J4-4
Added Pin To Net: NetName=Z_DIR Pin=J4-5
Added Pin To Net: NetName=Z_STEP Pin=J4-6
Added Pin To Net: NetName=Z_MS2 Pin=J4-7
Added Pin To Net: NetName=Z_MS1 Pin=J4-8
Added Pin To Net: NetName=Z_HM Pin=J4-9
Added Pin To Net: NetName=GND Pin=J4-10
Added Pin To Net: NetName=SP_DIR Pin=J5-1
Added Pin To Net: NetName=SP_ENA Pin=J5-3
Added Pin To Net: NetName=SP_VCC Pin=J5-5
Added Pin To Net: NetName=SP_TACH Pin=J5-7
Added Pin To Net: NetName=SP_SPEED Pin=J5-9
Added Pin To Net: NetName=VBUS Pin=J6-1
Added Pin To Net: NetName=USB_D- Pin=J6-2
Added Pin To Net: NetName=USB_D+ Pin=J6-3
Added Pin To Net: NetName=GND Pin=J6-5
Added Pin To Net: NetName=MDI_TP Pin=J7-1
Added Pin To Net: NetName=3V3VCC Pin=J7-2
Added Pin To Net: NetName=MDI_TN Pin=J7-3
Added Pin To Net: NetName=MDI_RP Pin=J7-4
Added Pin To Net: NetName=3V3VCC Pin=J7-5
Added Pin To Net: NetName=MDI_RN Pin=J7-6
Added Pin To Net: NetName=GND Pin=J7-8
Added Pin To Net: NetName=LED_LINK Pin=J7-9
Added Pin To Net: NetName=NetJ7_10 Pin=J7-10
Added Pin To Net: NetName=LED_ACT Pin=J7-11
Added Pin To Net: NetName=NetJ7_12 Pin=J7-12
Added Pin To Net: NetName=GND Pin=J7-13
Added Pin To Net: NetName=GND Pin=J7-14
Added Pin To Net: NetName=GND Pin=J7-15
Added Pin To Net: NetName=GND Pin=J7-16
Added Pin To Net: NetName=NetJ8_1 Pin=J8-1
Added Pin To Net: NetName=NetJ8_2 Pin=J8-2
Added Pin To Net: NetName=NetJ8_3 Pin=J8-3
Added Pin To Net: NetName=GND Pin=J8-5
Added Pin To Net: NetName=X_MAX Pin=J9-1
Added Pin To Net: NetName=5VDC Pin=J9-2
Added Pin To Net: NetName=GND Pin=J9-3
Added Pin To Net: NetName=X_MIN Pin=J10-1
Added Pin To Net: NetName=5VDC Pin=J10-2
Added Pin To Net: NetName=GND Pin=J10-3
Added Pin To Net: NetName=Y_MAX Pin=J11-1
Added Pin To Net: NetName=5VDC Pin=J11-2
Added Pin To Net: NetName=GND Pin=J11-3
Added Pin To Net: NetName=Y_MIN Pin=J12-1
Added Pin To Net: NetName=5VDC Pin=J12-2
Added Pin To Net: NetName=GND Pin=J12-3
Added Pin To Net: NetName=Z_MAX Pin=J13-1
Added Pin To Net: NetName=5VDC Pin=J13-2
Added Pin To Net: NetName=GND Pin=J13-3
Added Pin To Net: NetName=Z_MIN Pin=J14-1
Added Pin To Net: NetName=5VDC Pin=J15-1
Added Pin To Net: NetName=NetJ15_2 Pin=J15-2
Added Pin To Net: NetName=GND Pin=J15-4
Added Pin To Net: NetName=\MCLR Pin=J16-1
Added Pin To Net: NetName=3V3VCC Pin=J16-2
Added Pin To Net: NetName=GND Pin=J16-3
Added Pin To Net: NetName=PGD Pin=J16-4
Added Pin To Net: NetName=PGC Pin=J16-5
Added Pin To Net: NetName=NetJ17_1 Pin=J17-1
Added Pin To Net: NetName=GND Pin=J17-2
Added Pin To Net: NetName=NetC15_2 Pin=J17-3
Added Pin To Net: NetName=GPIO1 Pin=J18-1
Added Pin To Net: NetName=GPIO2 Pin=J18-2
Added Pin To Net: NetName=GPIO3 Pin=J18-3
Added Pin To Net: NetName=GPIO4 Pin=J18-4
Added Pin To Net: NetName=GPIO5 Pin=J18-5
Added Pin To Net: NetName=GPIO6 Pin=J18-6
Added Pin To Net: NetName=GPIO7 Pin=J18-7
Added Pin To Net: NetName=GPIO8 Pin=J18-8
Added Pin To Net: NetName=GPIO9 Pin=J18-9
Added Pin To Net: NetName=GPIO10 Pin=J18-10
Added Pin To Net: NetName=\MCLR Pin=J19-1
Added Pin To Net: NetName=3V3VCC Pin=J19-2
Added Pin To Net: NetName=GND Pin=J19-3
Added Pin To Net: NetName=PGD Pin=J19-4
Added Pin To Net: NetName=PGC Pin=J19-5
Added Pin To Net: NetName=CAN_RX Pin=J20-1
Added Pin To Net: NetName=CAN_TX Pin=J20-2
Added Pin To Net: NetName=I2C_SDA Pin=J20-3
Added Pin To Net: NetName=SPI_CLK Pin=J20-4
Added Pin To Net: NetName=I2C_SCL Pin=J20-5
Added Pin To Net: NetName=SPI_MOSI Pin=J20-6
Added Pin To Net: NetName=SPI_MISO Pin=J20-7
Added Pin To Net: NetName=SPI_S\S\1\ Pin=J20-8
Added Pin To Net: NetName=SPI_S\S\2\ Pin=J20-9
Added Pin To Net: NetName=SPI_S\S\3\ Pin=J20-10
Added Pin To Net: NetName=ANALOG1 Pin=J21-1
Added Pin To Net: NetName=ANALOG2 Pin=J21-2
Added Pin To Net: NetName=ANALOG3 Pin=J21-3
Added Pin To Net: NetName=ANALOG4 Pin=J21-4
Added Pin To Net: NetName=ANALOG5 Pin=J21-5
Added Pin To Net: NetName=ANALOG6 Pin=J21-6
Added Pin To Net: NetName=AUX_PWM Pin=J22-1
Added Pin To Net: NetName=AUX_INT Pin=J22-2
Added Pin To Net: NetName=GND Pin=J23-1
Added Pin To Net: NetName=5VDC Pin=J23-2
Added Pin To Net: NetName=GND Pin=J24-1
Added Pin To Net: NetName=3V3VCC Pin=J24-2
Added Pin To Net: NetName=NetJ25_1 Pin=J25-1
Added Pin To Net: NetName=GND Pin=J25-2
Added Pin To Net: NetName=GND Pin=J25-3
Added Pin To Net: NetName=GND Pin=J26-1
Added Pin To Net: NetName=2V5VCC Pin=J26-2
Added Pin To Net: NetName=GND Pin=J27-1
Added Pin To Net: NetName=1V8VCC Pin=J27-2
Added Pin To Net: NetName=MDI_TP Pin=R1-1
Added Pin To Net: NetName=3V3VCC Pin=R1-2
Added Pin To Net: NetName=MDI_TN Pin=R2-1
Added Pin To Net: NetName=3V3VCC Pin=R2-2
Added Pin To Net: NetName=MDI_RN Pin=R3-1
Added Pin To Net: NetName=3V3VCC Pin=R3-2
Added Pin To Net: NetName=MDI_RP Pin=R4-1
Added Pin To Net: NetName=3V3VCC Pin=R4-2
Added Pin To Net: NetName=3V3VCC Pin=R5-1
Added Pin To Net: NetName=INT3/SCL1/RA14 Pin=R5-2
Added Pin To Net: NetName=NetJ7_10 Pin=R6-1
Added Pin To Net: NetName=3V3VCC Pin=R6-2
Added Pin To Net: NetName=NetJ7_12 Pin=R7-1
Added Pin To Net: NetName=3V3VCC Pin=R7-2
Added Pin To Net: NetName=NetR8_1 Pin=R8-1
Added Pin To Net: NetName=NetR8_2 Pin=R8-2
Added Pin To Net: NetName=NetR9_1 Pin=R9-1
Added Pin To Net: NetName=NetR9_2 Pin=R9-2
Added Pin To Net: NetName=NetR10_1 Pin=R10-1
Added Pin To Net: NetName=NetR10_2 Pin=R10-2
Added Pin To Net: NetName=3V3VCC Pin=R11-1
Added Pin To Net: NetName=NetR11_2 Pin=R11-2
Added Pin To Net: NetName=GND Pin=R12-1
Added Pin To Net: NetName=NetR12_2 Pin=R12-2
Added Pin To Net: NetName=3V3VCC Pin=R13-1
Added Pin To Net: NetName=NetR13_2 Pin=R13-2
Added Pin To Net: NetName=ERXD0 Pin=R14-1
Added Pin To Net: NetName=NetR14_2 Pin=R14-2
Added Pin To Net: NetName=ERXD1 Pin=R15-1
Added Pin To Net: NetName=NetR15_2 Pin=R15-2
Added Pin To Net: NetName=NetR16_1 Pin=R16-1
Added Pin To Net: NetName=EREF_CLK Pin=R16-2
Added Pin To Net: NetName=NetR17_1 Pin=R17-1
Added Pin To Net: NetName=3V3VCC Pin=R17-2
Added Pin To Net: NetName=NetR18_1 Pin=R18-1
Added Pin To Net: NetName=3V3VCC Pin=R18-2
Added Pin To Net: NetName=NetR19_1 Pin=R19-1
Added Pin To Net: NetName=3V3VCC Pin=R19-2
Added Pin To Net: NetName=NetR20_1 Pin=R20-1
Added Pin To Net: NetName=3V3VCC Pin=R20-2
Added Pin To Net: NetName=NetR21_1 Pin=R21-1
Added Pin To Net: NetName=3V3VCC Pin=R21-2
Added Pin To Net: NetName=NetR22_1 Pin=R22-1
Added Pin To Net: NetName=NetD1_2 Pin=R22-2
Added Pin To Net: NetName=NetJ8_1 Pin=R23-1
Added Pin To Net: NetName=VCC Pin=R23-2
Added Pin To Net: NetName=NetR24_1 Pin=R24-1
Added Pin To Net: NetName=NetD2_2 Pin=R24-2
Added Pin To Net: NetName=NetJ8_2 Pin=R25-1
Added Pin To Net: NetName=NetC13_2 Pin=R25-2
Added Pin To Net: NetName=NetJ8_3 Pin=R26-1
Added Pin To Net: NetName=NetC12_2 Pin=R26-2
Added Pin To Net: NetName=NetC15_1 Pin=R27-1
Added Pin To Net: NetName=3V3VCC Pin=R27-2
Added Pin To Net: NetName=NetC15_1 Pin=R28-1
Added Pin To Net: NetName=\MCLR Pin=R28-2
Added Pin To Net: NetName=NetC17_2 Pin=R29-1
Added Pin To Net: NetName=3V3VCC Pin=R29-2
Added Pin To Net: NetName=GND Pin=R30-1
Added Pin To Net: NetName=5V3V_ENA Pin=R30-2
Added Pin To Net: NetName=NetC32_1 Pin=R31-1
Added Pin To Net: NetName=NetD3_2 Pin=R31-2
Added Pin To Net: NetName=NetC34_1 Pin=R32-1
Added Pin To Net: NetName=NetD4_2 Pin=R32-2
Added Pin To Net: NetName=NetC36_1 Pin=R33-1
Added Pin To Net: NetName=NetD5_2 Pin=R33-2
Added Pin To Net: NetName=NetR34_1 Pin=R34-1
Added Pin To Net: NetName=NetR34_2 Pin=R34-2
Added Pin To Net: NetName=GND Pin=R35-1
Added Pin To Net: NetName=NetR34_2 Pin=R35-2
Added Pin To Net: NetName=2V5ENA Pin=R36-1
Added Pin To Net: NetName=NetR36_2 Pin=R36-2
Added Pin To Net: NetName=GND Pin=R37-1
Added Pin To Net: NetName=NetR36_2 Pin=R37-2
Added Pin To Net: NetName=1V8ENA Pin=R38-1
Added Pin To Net: NetName=NetR38_2 Pin=R38-2
Added Pin To Net: NetName=GND Pin=R39-1
Added Pin To Net: NetName=NetR38_2 Pin=R39-2
Added Pin To Net: NetName=GND Pin=S1-1
Added Pin To Net: NetName=NetJ25_1 Pin=S1-2
Added Pin To Net: NetName=NetR34_1 Pin=S1-3
Added Pin To Net: NetName=NetJ17_1 Pin=SW1-1
Added Pin To Net: NetName=NetC15_1 Pin=SW1-2
Added Pin To Net: NetName=NetTP1_1 Pin=TP1-1
Added Pin To Net: NetName=NetR10_2 Pin=U1-2
Added Pin To Net: NetName=NetR8_2 Pin=U1-3
Added Pin To Net: NetName=NetR9_2 Pin=U1-4
Added Pin To Net: NetName=GND Pin=U1-6
Added Pin To Net: NetName=INT3/SCL1/RA14 Pin=U1-7
Added Pin To Net: NetName=MDI_RP Pin=U1-13
Added Pin To Net: NetName=MDI_RN Pin=U1-14
Added Pin To Net: NetName=GND Pin=U1-15
Added Pin To Net: NetName=MDI_TN Pin=U1-16
Added Pin To Net: NetName=MDI_TP Pin=U1-17
Added Pin To Net: NetName=PFOUT Pin=U1-18
Added Pin To Net: NetName=GND Pin=U1-19
Added Pin To Net: NetName=NetR18_1 Pin=U1-20
Added Pin To Net: NetName=NetR17_1 Pin=U1-21
Added Pin To Net: NetName=3V3VCC Pin=U1-22
Added Pin To Net: NetName=PFOUT Pin=U1-23
Added Pin To Net: NetName=NetR12_2 Pin=U1-24
Added Pin To Net: NetName=NetTP1_1 Pin=U1-25
Added Pin To Net: NetName=LED_ACT Pin=U1-26
Added Pin To Net: NetName=LED_SPEED Pin=U1-27
Added Pin To Net: NetName=LED_LINK Pin=U1-28
Added Pin To Net: NetName=NetR11_2 Pin=U1-30
Added Pin To Net: NetName=NetU1_31 Pin=U1-31
Added Pin To Net: NetName=3V3VCC Pin=U1-32
Added Pin To Net: NetName=EREF_CLK Pin=U1-34
Added Pin To Net: NetName=GND Pin=U1-35
Added Pin To Net: NetName=GND Pin=U1-36
Added Pin To Net: NetName=PFOUT Pin=U1-37
Added Pin To Net: NetName=NetR13_2 Pin=U1-39
Added Pin To Net: NetName=NetU1_40 Pin=U1-40
Added Pin To Net: NetName=ERXERR Pin=U1-41
Added Pin To Net: NetName=NetR14_2 Pin=U1-43
Added Pin To Net: NetName=NetR15_2 Pin=U1-44
Added Pin To Net: NetName=GND Pin=U1-47
Added Pin To Net: NetName=3V3VCC Pin=U1-48
Added Pin To Net: NetName=NetU2_1 Pin=U2-1
Added Pin To Net: NetName=NetR21_1 Pin=U2-2
Added Pin To Net: NetName=3V3OUT Pin=U2-3
Added Pin To Net: NetName=NetU2_4 Pin=U2-4
Added Pin To Net: NetName=GND Pin=U2-5
Added Pin To Net: NetName=NetR20_1 Pin=U2-6
Added Pin To Net: NetName=NetR24_1 Pin=U2-7
Added Pin To Net: NetName=NetC12_2 Pin=U2-8
Added Pin To Net: NetName=NetC13_2 Pin=U2-9
Added Pin To Net: NetName=3V3OUT Pin=U2-10
Added Pin To Net: NetName=3V3OUT Pin=U2-11
Added Pin To Net: NetName=VCC Pin=U2-12
Added Pin To Net: NetName=GND Pin=U2-13
Added Pin To Net: NetName=NetR22_1 Pin=U2-14
Added Pin To Net: NetName=NetR19_1 Pin=U2-15
Added Pin To Net: NetName=X_MIN Pin=U3-1
Added Pin To Net: NetName=X_MAX Pin=U3-2
Added Pin To Net: NetName=X_LIMIT Pin=U3-3
Added Pin To Net: NetName=LIMIT_INT Pin=U3-4
Added Pin To Net: NetName=Y_LIMIT Pin=U3-5
Added Pin To Net: NetName=X_LIMIT Pin=U3-6
Added Pin To Net: NetName=GND Pin=U3-7
Added Pin To Net: NetName=Y_MIN Pin=U3-8
Added Pin To Net: NetName=Y_MAX Pin=U3-9
Added Pin To Net: NetName=Y_LIMIT Pin=U3-10
Added Pin To Net: NetName=Z_LIMIT Pin=U3-11
Added Pin To Net: NetName=Z_MIN Pin=U3-12
Added Pin To Net: NetName=Z_MAX Pin=U3-13
Added Pin To Net: NetName=VDD Pin=U3-14
Added Pin To Net: NetName=GPIO6 Pin=U4-1
Added Pin To Net: NetName=3V3VCC Pin=U4-2
Added Pin To Net: NetName=5V3V_ENA Pin=U4-3
Added Pin To Net: NetName=GPIO9 Pin=U4-4
Added Pin To Net: NetName=GPIO7 Pin=U4-5
Added Pin To Net: NetName=GPIO10 Pin=U4-6
Added Pin To Net: NetName=X_LIM Pin=U4-7
Added Pin To Net: NetName=Y_LIM Pin=U4-8
Added Pin To Net: NetName=GPIO8 Pin=U4-9
Added Pin To Net: NetName=5V3V_ENA Pin=U4-10
Added Pin To Net: NetName=NetU1_40 Pin=U4-12
Added Pin To Net: NetName=\MCLR Pin=U4-13
Added Pin To Net: NetName=EREF_CLK Pin=U4-14
Added Pin To Net: NetName=GND Pin=U4-15
Added Pin To Net: NetName=3V3VCC Pin=U4-16
Added Pin To Net: NetName=NetJ15_2 Pin=U4-17
Added Pin To Net: NetName=Z_LIM Pin=U4-18
Added Pin To Net: NetName=AUX_INT Pin=U4-19
Added Pin To Net: NetName=X_ENA Pin=U4-20
Added Pin To Net: NetName=X_DIR Pin=U4-21
Added Pin To Net: NetName=ANALOG2 Pin=U4-22
Added Pin To Net: NetName=ANALOG1 Pin=U4-23
Added Pin To Net: NetName=PGC Pin=U4-24
Added Pin To Net: NetName=PGD Pin=U4-25
Added Pin To Net: NetName=X_MS1 Pin=U4-26
Added Pin To Net: NetName=X_MS2 Pin=U4-27
Added Pin To Net: NetName=Z_MS2 Pin=U4-28
Added Pin To Net: NetName=NetC17_2 Pin=U4-30
Added Pin To Net: NetName=NetC17_1 Pin=U4-31
Added Pin To Net: NetName=X_HOME Pin=U4-32
Added Pin To Net: NetName=ANALOG3 Pin=U4-33
Added Pin To Net: NetName=ANALOG4 Pin=U4-34
Added Pin To Net: NetName=ERXERR Pin=U4-35
Added Pin To Net: NetName=GND Pin=U4-36
Added Pin To Net: NetName=3V3VCC Pin=U4-37
Added Pin To Net: NetName=Z_DIR Pin=U4-38
Added Pin To Net: NetName=GPIO2 Pin=U4-39
Added Pin To Net: NetName=SPI_S\S\3\ Pin=U4-40
Added Pin To Net: NetName=ERXD0 Pin=U4-41
Added Pin To Net: NetName=ERXD1 Pin=U4-42
Added Pin To Net: NetName=ANALOG5 Pin=U4-43
Added Pin To Net: NetName=ANALOG6 Pin=U4-44
Added Pin To Net: NetName=GND Pin=U4-45
Added Pin To Net: NetName=3V3VCC Pin=U4-46
Added Pin To Net: NetName=SPI_S\S\2\ Pin=U4-47
Added Pin To Net: NetName=SPI_CLK Pin=U4-48
Added Pin To Net: NetName=NetU2_1 Pin=U4-49
Added Pin To Net: NetName=NetU2_4 Pin=U4-50
Added Pin To Net: NetName=GPIO1 Pin=U4-51
Added Pin To Net: NetName=SPI_MOSI Pin=U4-52
Added Pin To Net: NetName=SPI_MISO Pin=U4-53
Added Pin To Net: NetName=VBUS Pin=U4-54
Added Pin To Net: NetName=3V3VCC Pin=U4-55
Added Pin To Net: NetName=USB_D- Pin=U4-56
Added Pin To Net: NetName=USB_D+ Pin=U4-57
Added Pin To Net: NetName=I2C_SDA Pin=U4-58
Added Pin To Net: NetName=I2C_SCL Pin=U4-59
Added Pin To Net: NetName=Z_HOME Pin=U4-61
Added Pin To Net: NetName=3V3VCC Pin=U4-62
Added Pin To Net: NetName=OSC1 Pin=U4-63
Added Pin To Net: NetName=OSC2 Pin=U4-64
Added Pin To Net: NetName=GND Pin=U4-65
Added Pin To Net: NetName=INT3/SCL1/RA14 Pin=U4-66
Added Pin To Net: NetName=XY_LIM Pin=U4-67
Added Pin To Net: NetName=NetU4_68 Pin=U4-68
Added Pin To Net: NetName=SPI_S\S\1\ Pin=U4-69
Added Pin To Net: NetName=SP_TACH Pin=U4-70
Added Pin To Net: NetName=NetU1_31 Pin=U4-71
Added Pin To Net: NetName=X_STEP Pin=U4-72
Added Pin To Net: NetName=SOSC1 Pin=U4-73
Added Pin To Net: NetName=SOSC2 Pin=U4-74
Added Pin To Net: NetName=GND Pin=U4-75
Added Pin To Net: NetName=Y1_STEP Pin=U4-76
Added Pin To Net: NetName=Z_STEP Pin=U4-77
Added Pin To Net: NetName=SP_SPEED Pin=U4-78
Added Pin To Net: NetName=SP_DIR Pin=U4-79
Added Pin To Net: NetName=SP_ENA Pin=U4-80
Added Pin To Net: NetName=AUX_PWM Pin=U4-81
Added Pin To Net: NetName=SP_VCC Pin=U4-82
Added Pin To Net: NetName=NetR10_1 Pin=U4-83
Added Pin To Net: NetName=Y2_HOME Pin=U4-84
Added Pin To Net: NetName=NetC16_2 Pin=U4-85
Added Pin To Net: NetName=3V3VCC Pin=U4-86
Added Pin To Net: NetName=NetR9_1 Pin=U4-87
Added Pin To Net: NetName=NetR8_1 Pin=U4-88
Added Pin To Net: NetName=CAN_TX Pin=U4-89
Added Pin To Net: NetName=CAN_RX Pin=U4-90
Added Pin To Net: NetName=Z_ENA Pin=U4-91
Added Pin To Net: NetName=Z_MS1 Pin=U4-92
Added Pin To Net: NetName=Y1_DIR Pin=U4-93
Added Pin To Net: NetName=Y1_ENA Pin=U4-94
Added Pin To Net: NetName=GPIO5 Pin=U4-95
Added Pin To Net: NetName=GPIO3 Pin=U4-96
Added Pin To Net: NetName=GPIO4 Pin=U4-97
Added Pin To Net: NetName=Y1_MS1 Pin=U4-98
Added Pin To Net: NetName=Y1_MS2 Pin=U4-99
Added Pin To Net: NetName=Y1_HOME Pin=U4-100
Added Pin To Net: NetName=X_LIM Pin=U5-1
Added Pin To Net: NetName=3V3VCC Pin=U5-2
Added Pin To Net: NetName=Y_LIM Pin=U5-3
Added Pin To Net: NetName=XY_LIM Pin=U5-4
Added Pin To Net: NetName=Z_LIM Pin=U5-5
Added Pin To Net: NetName=Z_HOME Pin=U5-6
Added Pin To Net: NetName=X_HOME Pin=U5-7
Added Pin To Net: NetName=Y2_HOME Pin=U5-8
Added Pin To Net: NetName=Y1_HOME Pin=U5-9
Added Pin To Net: NetName=5V3V_ENA Pin=U5-10
Added Pin To Net: NetName=GND Pin=U5-11
Added Pin To Net: NetName=Y1_HM Pin=U5-12
Added Pin To Net: NetName=Y2_HM Pin=U5-13
Added Pin To Net: NetName=X_HM Pin=U5-14
Added Pin To Net: NetName=Z_HM Pin=U5-15
Added Pin To Net: NetName=Z_LIMIT Pin=U5-16
Added Pin To Net: NetName=LIMIT_INT Pin=U5-17
Added Pin To Net: NetName=Y_LIMIT Pin=U5-18
Added Pin To Net: NetName=5VDC Pin=U5-19
Added Pin To Net: NetName=X_LIMIT Pin=U5-20
Added Pin To Net: NetName=Y1_DIR Pin=U6-1
Added Pin To Net: NetName=Y2_DIR Pin=U6-2
Added Pin To Net: NetName=GND Pin=U6-7
Added Pin To Net: NetName=VDD Pin=U6-14
Added Pin To Net: NetName=3V3VCC Pin=U7-1
Added Pin To Net: NetName=3V3VCC Pin=U7-2
Added Pin To Net: NetName=GND Pin=U7-3
Added Pin To Net: NetName=NetR34_2 Pin=U7-5
Added Pin To Net: NetName=GND Pin=U7-6
Added Pin To Net: NetName=NetC32_1 Pin=U7-7
Added Pin To Net: NetName=5VDC Pin=U7-8
Added Pin To Net: NetName=GND Pin=U7-9
Added Pin To Net: NetName=2V5VCC Pin=U8-1
Added Pin To Net: NetName=2V5VCC Pin=U8-2
Added Pin To Net: NetName=GND Pin=U8-3
Added Pin To Net: NetName=NetR36_2 Pin=U8-5
Added Pin To Net: NetName=GND Pin=U8-6
Added Pin To Net: NetName=NetC34_1 Pin=U8-7
Added Pin To Net: NetName=5VDC Pin=U8-8
Added Pin To Net: NetName=GND Pin=U8-9
Added Pin To Net: NetName=1V8VCC Pin=U9-1
Added Pin To Net: NetName=1V8VCC Pin=U9-2
Added Pin To Net: NetName=GND Pin=U9-3
Added Pin To Net: NetName=NetR38_2 Pin=U9-5
Added Pin To Net: NetName=GND Pin=U9-6
Added Pin To Net: NetName=NetC36_1 Pin=U9-7
Added Pin To Net: NetName=5VDC Pin=U9-8
Added Pin To Net: NetName=GND Pin=U9-9
Added Pin To Net: NetName=3V3VCC Pin=Y1-1
Added Pin To Net: NetName=GND Pin=Y1-2
Added Pin To Net: NetName=NetR16_1 Pin=Y1-3
Added Pin To Net: NetName=3V3VCC Pin=Y1-4
Added Pin To Net: NetName=SOSC1 Pin=Y2-1
Added Pin To Net: NetName=SOSC2 Pin=Y2-2
Added Pin To Net: NetName=OSC1 Pin=Y3-1
Added Pin To Net: NetName=GND Pin=Y3-2
Added Pin To Net: NetName=OSC2 Pin=Y3-3
Added Pin To Net: NetName=GND Pin=Y3-4
Added Member To Class: ClassName=FTDI-USB Member=Component C1 0.1uF
Added Member To Class: ClassName=FTDI-USB Member=Component C2 0.1uF
Added Member To Class: ClassName=FTDI-USB Member=Component C3 4.7uF
Added Member To Class: ClassName=FTDI-USB Member=Component C4 0.1uF
Added Member To Class: ClassName=FTDI-USB Member=Component C5 0.1uF
Added Member To Class: ClassName=FTDI-USB Member=Component C6 0.1uF
Added Member To Class: ClassName=FTDI-USB Member=Component C7 0.1uF
Added Member To Class: ClassName=FTDI-USB Member=Component C8 10uF
Added Member To Class: ClassName=FTDI-USB Member=Component C9 0.1uF
Added Member To Class: ClassName=FTDI-USB Member=Component C10 0.1uF
Added Member To Class: ClassName=FTDI-USB Member=Component C11 0.1uF
Added Member To Class: ClassName=FTDI-USB Member=Component C12 0.047uF
Added Member To Class: ClassName=FTDI-USB Member=Component C13 0.047uF
Added Member To Class: ClassName=FTDI-USB Member=Component C14 0.1uF
Added Member To Class: ClassName=MCU Member=Component C15 10uF
Added Member To Class: ClassName=MCU Member=Component C16 10uF
Added Member To Class: ClassName=MCU Member=Component C17 10uF
Added Member To Class: ClassName=MCU Member=Component C18 0.1uF
Added Member To Class: ClassName=MCU Member=Component C19 0.1uF
Added Member To Class: ClassName=MCU Member=Component C20 11pF
Added Member To Class: ClassName=MCU Member=Component C21 20pF
Added Member To Class: ClassName=MCU Member=Component C22 20pF
Added Member To Class: ClassName=MCU Member=Component C23 11pF
Added Member To Class: ClassName=MCU Member=Component C24 0.1uF
Added Member To Class: ClassName=MCU Member=Component C25 0.1uF
Added Member To Class: ClassName=MCU Member=Component C26 0.1uF
Added Member To Class: ClassName=MCU Member=Component C27 0.1uF
Added Member To Class: ClassName=MCU Member=Component C28 0.1uF
Added Member To Class: ClassName=MCU Member=Component C29 0.1uF
Added Member To Class: ClassName=MCU Member=Component C30 0.1uF
Added Member To Class: ClassName=MCU Member=Component C31 0.1uF
Added Member To Class: ClassName=Power Member=Component C32 1.0uF
Added Member To Class: ClassName=Power Member=Component C33 1.0uF
Added Member To Class: ClassName=Power Member=Component C34 1.0uF
Added Member To Class: ClassName=Power Member=Component C35 1.0uF
Added Member To Class: ClassName=Power Member=Component C36 1.0uF
Added Member To Class: ClassName=Power Member=Component C37 1.0uF
Added Member To Class: ClassName=Power Member=Component C38 0.1uF
Added Member To Class: ClassName=Power Member=Component C39 0.1uF
Added Member To Class: ClassName=Power Member=Component C40 0.1uF
Added Member To Class: ClassName=Power Member=Component C41 0.1uF
Added Member To Class: ClassName=Power Member=Component C42 0.1uF
Added Member To Class: ClassName=Power Member=Component C43 0.1uF
Added Member To Class: ClassName=Power Member=Component C44 0.1uF
Added Member To Class: ClassName=Power Member=Component C45 0.1uF
Added Member To Class: ClassName=FTDI-USB Member=Component D1 HSMD-C190
Added Member To Class: ClassName=FTDI-USB Member=Component D2 HSMD-C190
Added Member To Class: ClassName=Power Member=Component D3 HSMD-C190
Added Member To Class: ClassName=Power Member=Component D4 HSMD-C190
Added Member To Class: ClassName=Power Member=Component D5 HSMD-C190
Added Member To Class: ClassName=Block Diagram Member=Component J1 shrouded box header
Added Member To Class: ClassName=Block Diagram Member=Component J2 shrouded box header
Added Member To Class: ClassName=Block Diagram Member=Component J3 shrouded box header
Added Member To Class: ClassName=Block Diagram Member=Component J4 shrouded box header
Added Member To Class: ClassName=Block Diagram Member=Component J5 shrouded box header
Added Member To Class: ClassName=FTDI-USB Member=Component J6 Mini-B
Added Member To Class: ClassName=FTDI-USB Member=Component J7 SI-60062-F
Added Member To Class: ClassName=FTDI-USB Member=Component J8 Mini-B
Added Member To Class: ClassName=Limit Sensor Interface Member=Component J9 MHDR1X4
Added Member To Class: ClassName=Limit Sensor Interface Member=Component J10 MHDR1X4
Added Member To Class: ClassName=Limit Sensor Interface Member=Component J11 MHDR1X4
Added Member To Class: ClassName=Limit Sensor Interface Member=Component J12 MHDR1X4
Added Member To Class: ClassName=Limit Sensor Interface Member=Component J13 MHDR1X4
Added Member To Class: ClassName=Limit Sensor Interface Member=Component J14 MHDR1X4
Added Member To Class: ClassName=Limit Sensor Interface Member=Component J15 MHDR1X4
Added Member To Class: ClassName=MCU Member=Component J16 Programmer
Added Member To Class: ClassName=MCU Member=Component J17 1X3
Added Member To Class: ClassName=MCU Member=Component J18 shrouded box header
Added Member To Class: ClassName=MCU Member=Component J19 Value
Added Member To Class: ClassName=MCU Member=Component J20 shrouded box header
Added Member To Class: ClassName=MCU Member=Component J21 Stackable ScrewTerm
Added Member To Class: ClassName=MCU Member=Component J22 Stackable ScrewTerm
Added Member To Class: ClassName=Power Member=Component J23 Stackable ScrewTerm
Added Member To Class: ClassName=Power Member=Component J24 Stackable ScrewTerm
Added Member To Class: ClassName=Power Member=Component J25 CONN_PWR_JACK_2.1x5.5mm
Added Member To Class: ClassName=Power Member=Component J26 Stackable ScrewTerm
Added Member To Class: ClassName=Power Member=Component J27 Stackable ScrewTerm
Added Member To Class: ClassName=FTDI-USB Member=Component R1 49.9
Added Member To Class: ClassName=FTDI-USB Member=Component R2 49.9
Added Member To Class: ClassName=FTDI-USB Member=Component R3 49.9
Added Member To Class: ClassName=FTDI-USB Member=Component R4 49.9
Added Member To Class: ClassName=FTDI-USB Member=Component R5 1.5K
Added Member To Class: ClassName=FTDI-USB Member=Component R6 249
Added Member To Class: ClassName=FTDI-USB Member=Component R7 249
Added Member To Class: ClassName=FTDI-USB Member=Component R8 33
Added Member To Class: ClassName=FTDI-USB Member=Component R9 33
Added Member To Class: ClassName=FTDI-USB Member=Component R10 33
Added Member To Class: ClassName=FTDI-USB Member=Component R11 1.5K
Added Member To Class: ClassName=FTDI-USB Member=Component R12 4.87K
Added Member To Class: ClassName=FTDI-USB Member=Component R13 2.2K
Added Member To Class: ClassName=FTDI-USB Member=Component R14 33
Added Member To Class: ClassName=FTDI-USB Member=Component R15 33
Added Member To Class: ClassName=FTDI-USB Member=Component R16 33
Added Member To Class: ClassName=FTDI-USB Member=Component R17 2.2K
Added Member To Class: ClassName=FTDI-USB Member=Component R18 2.2K
Added Member To Class: ClassName=FTDI-USB Member=Component R19 10K
Added Member To Class: ClassName=FTDI-USB Member=Component R20 10K
Added Member To Class: ClassName=FTDI-USB Member=Component R21 10K
Added Member To Class: ClassName=FTDI-USB Member=Component R22 100
Added Member To Class: ClassName=FTDI-USB Member=Component R23 0
Added Member To Class: ClassName=FTDI-USB Member=Component R24 100
Added Member To Class: ClassName=FTDI-USB Member=Component R25 27
Added Member To Class: ClassName=FTDI-USB Member=Component R26 27
Added Member To Class: ClassName=MCU Member=Component R27 10K
Added Member To Class: ClassName=MCU Member=Component R28 470
Added Member To Class: ClassName=MCU Member=Component R29 10
Added Member To Class: ClassName=MCU Member=Component R30 1.0K
Added Member To Class: ClassName=Power Member=Component R31 100
Added Member To Class: ClassName=Power Member=Component R32 100
Added Member To Class: ClassName=Power Member=Component R33 100
Added Member To Class: ClassName=Power Member=Component R34 100K
Added Member To Class: ClassName=Power Member=Component R35 100K
Added Member To Class: ClassName=Power Member=Component R36 100K
Added Member To Class: ClassName=Power Member=Component R37 100K
Added Member To Class: ClassName=Power Member=Component R38 100K
Added Member To Class: ClassName=Power Member=Component R39 100K
Added Member To Class: ClassName=Power Member=Component S1 ON-ON
Added Member To Class: ClassName=MCU Member=Component SW1 Value
Added Member To Class: ClassName=FTDI-USB Member=Component TP1 ValueValueAux
Added Member To Class: ClassName=FTDI-USB Member=Component U1 DP83848CVV/NOPB
Added Member To Class: ClassName=FTDI-USB Member=Component U2 FT230XS-R
Added Member To Class: ClassName=Limit Sensor Interface Member=Component U3 CD4071BCM
Added Member To Class: ClassName=MCU Member=Component U4 PIC32MX795F512L-80V/PF
Added Member To Class: ClassName=MCU Member=Component U5 TXB0108PWR
Added Member To Class: ClassName=MCU Member=Component U6 CD4069UBCM
Added Member To Class: ClassName=Power Member=Component U7 ADP7104ACPZ-3.3-R7
Added Member To Class: ClassName=Power Member=Component U8 ADP7104ACPZ-2.5-R7
Added Member To Class: ClassName=Power Member=Component U9 ADP7104ACPZ-1.8-R7
Added Member To Class: ClassName=FTDI-USB Member=Component Y1 50MHz
Added Member To Class: ClassName=MCU Member=Component Y2 32kHz
Added Member To Class: ClassName=MCU Member=Component Y3 8MHz
Added Room: Name=Block Diagram
Added Room: Name=FTDI-USB
Added Room: Name=Limit Sensor Interface
Added Room: Name=MCU
Added Room: Name=Power
