Removed Pin From Net: NetName=OSC2 Pin=C18-2
Removed Pin From Net: NetName=OSC1 Pin=C19-2
Removed Pin From Net: NetName=2V5VCC Pin=C20-2
Removed Pin From Net: NetName=2V5VCC Pin=C21-2
Removed Pin From Net: NetName=2V5VCC Pin=C22-2
Removed Pin From Net: NetName=2V5VCC Pin=C23-2
Removed Pin From Net: NetName=1V8VCC Pin=C24-2
Removed Pin From Net: NetName=1V8VCC Pin=C25-2
Removed Pin From Net: NetName=1V8VCC Pin=C26-2
Removed Pin From Net: NetName=1V8VCC Pin=C27-2
Removed Pin From Net: NetName=3V3VCC Pin=C33-2
Removed Pin From Net: NetName=3V3VCC Pin=C34-2
Removed Pin From Net: NetName=3V3VCC Pin=C35-2
Removed Pin From Net: NetName=3V3VCC Pin=C36-2
Removed Pin From Net: NetName=5VDC Pin=C39-2
Removed Pin From Net: NetName=1V8VCC Pin=C40-2
Removed Pin From Net: NetName=5VDC Pin=C41-2
Removed Pin From Net: NetName=5VDC Pin=C42-1
Removed Pin From Net: NetName=3V3VCC Pin=C43-2
Removed Pin From Net: NetName=SOSC2 Pin=C44-2
Removed Pin From Net: NetName=SOSC1 Pin=C45-2
Removed Pin From Net: NetName=\MCLR Pin=J6-1
Removed Pin From Net: NetName=3V3VCC Pin=J6-2
Removed Pin From Net: NetName=PGD Pin=J6-4
Removed Pin From Net: NetName=PGC Pin=J6-5
Removed Pin From Net: NetName=VBUS Pin=J7-1
Removed Pin From Net: NetName=USB_D- Pin=J7-2
Removed Pin From Net: NetName=USB_D+ Pin=J7-3
Removed Pin From Net: NetName=MDI_TP Pin=J8-1
Removed Pin From Net: NetName=3V3VCC Pin=J8-2
Removed Pin From Net: NetName=MDI_TN Pin=J8-3
Removed Pin From Net: NetName=MDI_RP Pin=J8-4
Removed Pin From Net: NetName=3V3VCC Pin=J8-5
Removed Pin From Net: NetName=MDI_RN Pin=J8-6
Removed Pin From Net: NetName=LED_LINK Pin=J8-9
Removed Pin From Net: NetName=LED_ACT Pin=J8-11
Removed Pin From Net: NetName=X_MAX Pin=J10-1
Removed Pin From Net: NetName=NetC15_2 Pin=J11-3
Removed Pin From Net: NetName=X_MIN Pin=J12-1
Removed Pin From Net: NetName=Y_MAX Pin=J13-1
Removed Pin From Net: NetName=Y_MIN Pin=J14-1
Removed Pin From Net: NetName=5VDC Pin=J14-2
Removed Pin From Net: NetName=Z_MAX Pin=J15-1
Removed Pin From Net: NetName=5VDC Pin=J15-2
Removed Pin From Net: NetName=Z_MIN Pin=J16-1
Removed Pin From Net: NetName=5VDC Pin=J17-1
Removed Pin From Net: NetName=GPIO3 Pin=J17-3
Removed Pin From Net: NetName=GND Pin=J17-4
Removed Pin From Net: NetName=GPIO5 Pin=J17-5
Removed Pin From Net: NetName=GPIO6 Pin=J17-6
Removed Pin From Net: NetName=GPIO7 Pin=J17-7
Removed Pin From Net: NetName=GPIO8 Pin=J17-8
Removed Pin From Net: NetName=GPIO9 Pin=J17-9
Removed Pin From Net: NetName=GPIO10 Pin=J17-10
Removed Pin From Net: NetName=CAN_RX Pin=J18-1
Removed Pin From Net: NetName=CAN_TX Pin=J18-2
Removed Pin From Net: NetName=I2C_SDA Pin=J18-3
Removed Pin From Net: NetName=SPI_CLK Pin=J18-4
Removed Pin From Net: NetName=I2C_SCL Pin=J18-5
Removed Pin From Net: NetName=SPI_MOSI Pin=J18-6
Removed Pin From Net: NetName=SPI_MISO Pin=J18-7
Removed Pin From Net: NetName=SPI_S\S\1\ Pin=J18-8
Removed Pin From Net: NetName=SPI_S\S\2\ Pin=J18-9
Removed Pin From Net: NetName=SPI_S\S\3\ Pin=J18-10
Removed Pin From Net: NetName=ANALOG1 Pin=J19-1
Removed Pin From Net: NetName=ANALOG2 Pin=J19-2
Removed Pin From Net: NetName=ANALOG3 Pin=J19-3
Removed Pin From Net: NetName=ANALOG4 Pin=J19-4
Removed Pin From Net: NetName=ANALOG5 Pin=J19-5
Removed Pin From Net: NetName=ANALOG6 Pin=J19-6
Removed Pin From Net: NetName=AUX_PWM Pin=J20-1
Removed Pin From Net: NetName=AUX_INT Pin=J20-2
Removed Pin From Net: NetName=5VDC Pin=J21-2
Removed Pin From Net: NetName=3V3VCC Pin=J22-2
Removed Pin From Net: NetName=2V5VCC Pin=J23-2
Removed Pin From Net: NetName=1V8VCC Pin=J24-2
Removed Pin From Net: NetName=GND Pin=J25-2
Removed Pin From Net: NetName=GND Pin=J25-3
Removed Pin From Net: NetName=3V3VCC Pin=R8-2
Removed Pin From Net: NetName=NetC36_1 Pin=R30-1
Removed Pin From Net: NetName=NetD3_2 Pin=R30-2
Removed Pin From Net: NetName=NetD4_2 Pin=R31-2
Removed Pin From Net: NetName=NetD5_2 Pin=R32-2
Removed Pin From Net: NetName=2V5ENA Pin=R35-1
Removed Pin From Net: NetName=1V8ENA Pin=R37-1
Removed Pin From Net: NetName=5V3V_ENA Pin=R39-2
Removed Pin From Net: NetName=GND Pin=S1-1
Removed Pin From Net: NetName=X_MIN Pin=U2-1
Removed Pin From Net: NetName=X_MAX Pin=U2-2
Removed Pin From Net: NetName=X_LIMIT Pin=U2-3
Removed Pin From Net: NetName=LIMIT_INT Pin=U2-4
Removed Pin From Net: NetName=Y_LIMIT Pin=U2-5
Removed Pin From Net: NetName=X_LIMIT Pin=U2-6
