Removed Pin From Net: NetName=X_ENA Pin=C19-2
Removed Pin From Net: NetName=X_ENA Pin=C24-2
Removed Pin From Net: NetName=X_ENA Pin=C25-2
Removed Pin From Net: NetName=X_ENA Pin=C26-2
Removed Pin From Net: NetName=X_ENA Pin=C27-2
Removed Pin From Net: NetName=X_ENA Pin=C28-2
Removed Pin From Net: NetName=X_ENA Pin=C29-2
Removed Pin From Net: NetName=X_ENA Pin=C30-2
Removed Pin From Net: NetName=X_ENA Pin=C31-2
Removed Pin From Net: NetName=X_ENA Pin=J16-2
Removed Pin From Net: NetName=X_ENA Pin=J19-2
Removed Pin From Net: NetName=X_ENA Pin=R27-2
Removed Pin From Net: NetName=X_ENA Pin=R28-2
Removed Pin From Net: NetName=X_ENA Pin=R29-2
Removed Pin From Net: NetName=X_ENA Pin=R31-2
Removed Pin From Net: NetName=X_ENA Pin=U4-2
Removed Pin From Net: NetName=X_ENA Pin=U4-16
Removed Pin From Net: NetName=X_ENA Pin=U4-37
Removed Pin From Net: NetName=X_ENA Pin=U4-46
Removed Pin From Net: NetName=X_ENA Pin=U4-55
Removed Pin From Net: NetName=X_ENA Pin=U4-62
Removed Pin From Net: NetName=X_ENA Pin=U4-86
Removed Pin From Net: NetName=X_ENA Pin=U5-2
Added Pin To Net: NetName=3V3VCC Pin=C19-2
Added Pin To Net: NetName=3V3VCC Pin=C24-2
Added Pin To Net: NetName=3V3VCC Pin=C25-2
Added Pin To Net: NetName=3V3VCC Pin=C26-2
Added Pin To Net: NetName=3V3VCC Pin=C27-2
Added Pin To Net: NetName=3V3VCC Pin=C28-2
Added Pin To Net: NetName=3V3VCC Pin=C29-2
Added Pin To Net: NetName=3V3VCC Pin=C30-2
Added Pin To Net: NetName=3V3VCC Pin=C31-2
Added Pin To Net: NetName=3V3VCC Pin=J16-2
Added Pin To Net: NetName=3V3VCC Pin=J19-2
Added Pin To Net: NetName=3V3VCC Pin=R27-2
Added Pin To Net: NetName=3V3VCC Pin=R28-2
Added Pin To Net: NetName=3V3VCC Pin=R29-2
Added Pin To Net: NetName=3V3VCC Pin=R31-2
Added Pin To Net: NetName=3V3VCC Pin=U4-2
Added Pin To Net: NetName=3V3VCC Pin=U4-16
Added Pin To Net: NetName=3V3VCC Pin=U4-37
Added Pin To Net: NetName=3V3VCC Pin=U4-46
Added Pin To Net: NetName=3V3VCC Pin=U4-55
Added Pin To Net: NetName=3V3VCC Pin=U4-62
Added Pin To Net: NetName=3V3VCC Pin=U4-86
Added Pin To Net: NetName=3V3VCC Pin=U5-2
