Added Component: Designator=C1(cap_0603)
Added Component: Designator=C2(cap_0603)
Added Component: Designator=C3(cap_0805)
Added Component: Designator=C4(cap_0603)
Added Component: Designator=C5(cap_0603)
Added Component: Designator=C6(cap_0603)
Added Component: Designator=C7(cap_0603)
Added Component: Designator=C8(cap_0805)
Added Component: Designator=C9(cap_0603)
Added Component: Designator=C10(cap_0603)
Added Component: Designator=C11(cap_0603)
Added Component: Designator=C12(cap_0603)
Added Component: Designator=C13(cap_0603)
Added Component: Designator=C14(cap_0603)
Added Component: Designator=C15(cap_0805)
Added Component: Designator=C16(cap_0805)
Added Component: Designator=C17(cap_0805)
Added Component: Designator=C18(cap_0603)
Added Component: Designator=C19(cap_0603)
Added Component: Designator=C20(cap_0603)
Added Component: Designator=C21(cap_0603)
Added Component: Designator=C22(cap_0603)
Added Component: Designator=C23(cap_0603)
Added Component: Designator=C24(cap_0603)
Added Component: Designator=C25(cap_0603)
Added Component: Designator=C26(cap_0603)
Added Component: Designator=C27(cap_0603)
Added Component: Designator=C28(cap_0603)
Added Component: Designator=C29(cap_0603)
Added Component: Designator=C30(cap_0603)
Added Component: Designator=C31(cap_0603)
Added Component: Designator=C32(cap_0805)
Added Component: Designator=C33(cap_0805)
Added Component: Designator=C34(cap_0805)
Added Component: Designator=C35(cap_0805)
Added Component: Designator=C36(cap_0805)
Added Component: Designator=C37(cap_0805)
Added Component: Designator=C38(cap_0603)
Added Component: Designator=C39(cap_0603)
Added Component: Designator=C40(cap_0603)
Added Component: Designator=C41(cap_0603)
Added Component: Designator=C42(cap_0603)
Added Component: Designator=C43(cap_0603)
Added Component: Designator=C44(cap_0603)
Added Component: Designator=C45(cap_0603)
Added Component: Designator=D1(1.6X0.8X0.8)
Added Component: Designator=D2(1.6X0.8X0.8)
Added Component: Designator=D3(1.6X0.8X0.8)
Added Component: Designator=D4(1.6X0.8X0.8)
Added Component: Designator=D5(1.6X0.8X0.8)
Added Component: Designator=J1(10P_PCB_HEADER_BRD_MNT)
Added Component: Designator=J2(10P_PCB_HEADER_BRD_MNT)
Added Component: Designator=J3(10P_PCB_HEADER_BRD_MNT)
Added Component: Designator=J4(10P_PCB_HEADER_BRD_MNT)
Added Component: Designator=J5(10P_PCB_HEADER_BRD_MNT)
Added Component: Designator=J6(MUSB-05-X-B-SM-A)
Added Component: Designator=J7(ETHERNET)
Added Component: Designator=J8(MUSB-05-X-B-SM-A)
Added Component: Designator=J9(HDR1X4)
Added Component: Designator=J10(HDR1X4)
Added Component: Designator=J11(HDR1X4)
Added Component: Designator=J12(HDR1X4)
Added Component: Designator=J13(HDR1X4)
Added Component: Designator=J14(HDR1X4)
Added Component: Designator=J15(HDR1X4)
