Removed Pin From Net: NetName=X_ENA Pin=J1-1
Removed Pin From Net: NetName=5VOUT Pin=J1-2
Removed Pin From Net: NetName=X_SLP Pin=J1-3
Removed Pin From Net: NetName=X_RST Pin=J1-4
Removed Pin From Net: NetName=X_DIR Pin=J1-5
Removed Pin From Net: NetName=X_STEP Pin=J1-6
Removed Pin From Net: NetName=X_MS2 Pin=J1-7
Removed Pin From Net: NetName=X_MS1 Pin=J1-8
Removed Pin From Net: NetName=X_HM Pin=J1-9
Removed Pin From Net: NetName=GND Pin=J1-10
Removed Pin From Net: NetName=5VDC Pin=J17-1
Removed Pin From Net: NetName=NetJ17_2 Pin=J17-2
Removed Pin From Net: NetName=GND Pin=J17-4
Added Pin To Net: NetName=\MCLR Pin=J1-1
Added Pin To Net: NetName=X_ENA Pin=J1-1
Added Pin To Net: NetName=3V3VCC Pin=J1-2
Added Pin To Net: NetName=5VOUT Pin=J1-2
Added Pin To Net: NetName=GND Pin=J1-3
Added Pin To Net: NetName=X_SLP Pin=J1-3
Added Pin To Net: NetName=PGD Pin=J1-4
Added Pin To Net: NetName=X_RST Pin=J1-4
Added Pin To Net: NetName=PGC Pin=J1-5
Added Pin To Net: NetName=X_DIR Pin=J1-5
Added Pin To Net: NetName=X_STEP Pin=J1-6
Added Pin To Net: NetName=X_MS2 Pin=J1-7
Added Pin To Net: NetName=X_MS1 Pin=J1-8
Added Pin To Net: NetName=X_HM Pin=J1-9
Added Pin To Net: NetName=GND Pin=J1-10
Added Pin To Net: NetName=GND Pin=J11-2
Added Pin To Net: NetName=5VDC Pin=J17-1
Added Pin To Net: NetName=GPIO1 Pin=J17-1
Added Pin To Net: NetName=GPIO2 Pin=J17-2
Added Pin To Net: NetName=NetJ17_2 Pin=J17-2
Added Pin To Net: NetName=GND Pin=J17-4
Added Pin To Net: NetName=GPIO4 Pin=J17-4
Added Pin To Net: NetName=GND Pin=J25-2
Added Pin To Net: NetName=GND Pin=J25-3
Added Pin To Net: NetName=GND Pin=S1-1
Added Pin To Net: NetName=NetR33_1 Pin=S1-3
Added Member To Class: ClassName=Block Diagram Member=Component J1 shrouded box header
Added Member To Class: ClassName=MCU Member=Component J1 ICP
Added Member To Class: ClassName=MCU Member=Component J11 1X3
Added Member To Class: ClassName=Limit Sensor Interface Member=Component J17 MHDR1X4
Added Member To Class: ClassName=MCU Member=Component J17 shrouded box header
Added Member To Class: ClassName=Power Member=Component J25 CONN_PWR_JACK_2.1x5.5mm
Added Member To Class: ClassName=Power Member=Component S1 ON-ON
