Removed Pin From Net: NetName=X_STEP Pin=TP1-1
Removed Pin From Net: NetName=Y1_STEP Pin=TP2-1
Removed Pin From Net: NetName=Z_STEP Pin=TP3-1
Removed Pin From Net: NetName=SP_SPEED Pin=TP4-1
Removed Pin From Net: NetName=SPI_CLK Pin=TP8-1
Removed Pin From Net: NetName=SPI_MOSI Pin=TP9-1
Removed Pin From Net: NetName=SPI_MISO Pin=TP10-1
Removed Member From Class: ClassName=Block Diagram Member=TP1
Removed Member From Class: ClassName=Block Diagram Member=TP2
Removed Member From Class: ClassName=Block Diagram Member=TP3
Removed Member From Class: ClassName=Block Diagram Member=TP4
Removed Member From Class: ClassName=MCU Member=TP8
Removed Member From Class: ClassName=MCU Member=TP9
Removed Member From Class: ClassName=MCU Member=TP10
Removed Member From Class: ClassName=MCU Member=TP13
Removed Member From Class: ClassName=MCU Member=TP14
Added Pin To Net: NetName=NetU2_1 Pin=U2-1
Added Pin To Net: NetName=NetU2_1 Pin=U4-49
Added Net: Name=NetU2_1
Added Pin To Net: NetName=NetU2_4 Pin=U2-4
Added Pin To Net: NetName=NetU2_4 Pin=U4-50
Added Net: Name=NetU2_4
