Removed Pin From Net: NetName=3V3VCC Pin=J6-2
Removed Pin From Net: NetName=GND Pin=J6-3
Change Component Footprint: Designator=C4 Old Footprint=0603 New Footprint=cap_0603
Change Component Footprint: Designator=C5 Old Footprint=0603 New Footprint=cap_0603
Change Component Footprint: Designator=C6 Old Footprint=0603 New Footprint=cap_0603
Change Component Footprint: Designator=C12 Old Footprint=0603 New Footprint=cap_0603
Change Component Footprint: Designator=C13 Old Footprint=0603 New Footprint=cap_0603
Change Component Footprint: Designator=C14 Old Footprint=0603 New Footprint=cap_0603
Change Component Footprint: Designator=C18 Old Footprint=0603 New Footprint=cap_0603
Change Component Footprint: Designator=C19 Old Footprint=0603 New Footprint=cap_0603
Change Component Footprint: Designator=C20 Old Footprint=0603 New Footprint=cap_0603
Change Component Footprint: Designator=C21 Old Footprint=0603 New Footprint=cap_0603
Change Component Footprint: Designator=C22 Old Footprint=0603 New Footprint=cap_0603
Change Component Footprint: Designator=C23 Old Footprint=0603 New Footprint=cap_0603
Change Component Footprint: Designator=C24 Old Footprint=0603 New Footprint=cap_0603
Change Component Footprint: Designator=C25 Old Footprint=0603 New Footprint=cap_0603
Change Component Footprint: Designator=C26 Old Footprint=0603 New Footprint=cap_0603
Change Component Footprint: Designator=C27 Old Footprint=0603 New Footprint=cap_0603
Change Component Footprint: Designator=C28 Old Footprint=0603 New Footprint=cap_0603
Change Component Footprint: Designator=C29 Old Footprint=0603 New Footprint=cap_0603
Change Component Footprint: Designator=C30 Old Footprint=0603 New Footprint=cap_0603
Change Component Footprint: Designator=C31 Old Footprint=0603 New Footprint=cap_0603
Change Component Footprint: Designator=C32 Old Footprint=0603 New Footprint=cap_0603
Change Component Footprint: Designator=C33 Old Footprint=0603 New Footprint=cap_0603
Change Component Footprint: Designator=C34 Old Footprint=0603 New Footprint=cap_0603
Change Component Footprint: Designator=C35 Old Footprint=0603 New Footprint=cap_0603
Change Component Footprint: Designator=C3 Old Footprint=C0805 New Footprint=cap_0805
Change Component Footprint: Designator=C15 Old Footprint=C0805 New Footprint=cap_0805
Change Component Footprint: Designator=C16 Old Footprint=C0805 New Footprint=cap_0805
Change Component Footprint: Designator=C17 Old Footprint=C0805 New Footprint=cap_0805
Change Component Footprint: Designator=C36 Old Footprint=C0805 New Footprint=cap_0805
Change Component Footprint: Designator=C37 Old Footprint=C0805 New Footprint=cap_0805
Change Component Footprint: Designator=C38 Old Footprint=C0805 New Footprint=cap_0805
Change Component Footprint: Designator=C39 Old Footprint=C0805 New Footprint=cap_0805
Change Component Footprint: Designator=C40 Old Footprint=C0805 New Footprint=cap_0805
Change Component Footprint: Designator=C41 Old Footprint=C0805 New Footprint=cap_0805
Change Component Comment : Designator=SW1 Old Comment= New Comment=TL1015AF160QG
Change Component Comment : Designator=D1 Old Comment=Orange New Comment=HSMD-C190
Change Component Comment : Designator=D2 Old Comment=Orange New Comment=HSMD-C190
Change Component Comment : Designator=D3 Old Comment=Orange New Comment=HSMD-C190
Change Component Comment : Designator=D4 Old Comment=Orange New Comment=HSMD-C190
Change Component Comment : Designator=D5 Old Comment=Orange New Comment=HSMD-C190
Added Component: Designator=R6(RES_0603)
Added Component: Designator=R7(RES_0603)
Added Component: Designator=R8(RES_0603)
Added Component: Designator=R9(RES_0603)
Added Component: Designator=R10(RES_0603)
Added Component: Designator=R12(RES_0603)
Added Component: Designator=R13(RES_0603)
Added Component: Designator=R14(RES_0603)
Added Component: Designator=R15(RES_0603)
Added Component: Designator=R16(RES_0603)
Added Component: Designator=R17(RES_0603)
Added Component: Designator=R18(RES_0603)
Added Pin To Net: NetName=3V3VCC Pin=R19-2
Added Pin To Net: NetName=3V3VCC Pin=R20-2
Added Pin To Net: NetName=3V3VCC Pin=R21-2
Added Pin To Net: NetName=NetD1_2 Pin=R22-2
Added Pin To Net: NetName=NetD2_2 Pin=R23-2
Added Pin To Net: NetName=VCC Pin=R24-2
Added Pin To Net: NetName=3V3VCC Pin=R27-2
Added Pin To Net: NetName=3V3VCC Pin=R29-2
Added Pin To Net: NetName=NetD3_2 Pin=R30-2
Added Pin To Net: NetName=NetD4_2 Pin=R31-2
Added Pin To Net: NetName=NetD5_2 Pin=R32-2
Added Pin To Net: NetName=GND Pin=R34-1
Added Pin To Net: NetName=2V5ENA Pin=R35-1
Added Pin To Net: NetName=GND Pin=R36-1
Added Pin To Net: NetName=1V8ENA Pin=R37-1
Added Pin To Net: NetName=GND Pin=R38-1
Added Pin To Net: NetName=5VDC Pin=S2-1
Added Pin To Net: NetName=GND Pin=SW1-1
Added Pin To Net: NetName=GND Pin=U1-6
Added Pin To Net: NetName=NetR5_1 Pin=U1-7
Added Pin To Net: NetName=GND Pin=U1-15
Added Pin To Net: NetName=GND Pin=U1-19
Added Pin To Net: NetName=3V3VCC Pin=U1-22
Added Pin To Net: NetName=3V3VCC Pin=U1-32
Added Pin To Net: NetName=GND Pin=U1-35
Added Pin To Net: NetName=GND Pin=U1-36
Added Pin To Net: NetName=GND Pin=U1-47
Added Pin To Net: NetName=3V3VCC Pin=U1-48
Added Pin To Net: NetName=3V3VCC Pin=U3-2
Added Pin To Net: NetName=GND Pin=U3-15
Added Pin To Net: NetName=3V3VCC Pin=U3-16
Added Pin To Net: NetName=GND Pin=U3-36
Added Pin To Net: NetName=3V3VCC Pin=U3-37
Added Pin To Net: NetName=TXDATA Pin=U3-39
Added Pin To Net: NetName=RXDATA Pin=U3-40
Added Pin To Net: NetName=GND Pin=U3-45
Added Pin To Net: NetName=3V3VCC Pin=U3-46
Added Pin To Net: NetName=3V3VCC Pin=U3-55
Added Pin To Net: NetName=3V3VCC Pin=U3-62
Added Pin To Net: NetName=GND Pin=U3-65
Added Pin To Net: NetName=NetR5_1 Pin=U3-66
Added Pin To Net: NetName=GND Pin=U3-75
Added Pin To Net: NetName=3V3VCC Pin=U3-86
Added Pin To Net: NetName=3V3VCC Pin=U4-1
Added Pin To Net: NetName=3V3VCC Pin=U4-2
Added Pin To Net: NetName=GND Pin=U4-3
Added Pin To Net: NetName=GND Pin=U4-6
Added Pin To Net: NetName=GND Pin=U4-9
Added Pin To Net: NetName=2V5VCC Pin=U5-1
Added Pin To Net: NetName=2V5VCC Pin=U5-2
Added Pin To Net: NetName=GND Pin=U5-3
Added Pin To Net: NetName=GND Pin=U5-6
Added Pin To Net: NetName=GND Pin=U5-9
Added Pin To Net: NetName=1V8VCC Pin=U6-1
Added Pin To Net: NetName=1V8VCC Pin=U6-2
Added Pin To Net: NetName=GND Pin=U6-3
Added Pin To Net: NetName=GND Pin=U6-6
Added Pin To Net: NetName=GND Pin=U6-9
Added Pin To Net: NetName=TXDATA Pin=U7-1
Added Pin To Net: NetName=3V3OUT Pin=U7-3
Added Pin To Net: NetName=RXDATA Pin=U7-4
Added Pin To Net: NetName=GND Pin=U7-5
Added Pin To Net: NetName=3V3OUT Pin=U7-10
Added Pin To Net: NetName=3V3OUT Pin=U7-11
Added Pin To Net: NetName=VCC Pin=U7-12
Added Pin To Net: NetName=GND Pin=U7-13
Added Pin To Net: NetName=GND Pin=U9-7
Added Pin To Net: NetName=3V3VCC Pin=Y1-1
Added Pin To Net: NetName=GND Pin=Y1-2
Added Pin To Net: NetName=3V3VCC Pin=Y1-4
Added Pin To Net: NetName=GND Pin=Y2-2
Added Pin To Net: NetName=GND Pin=Y2-4
Change Net Name : Old Net Name=NetR5_1 New Net Name=INT3/SCL1/RA14
Added Pin To Net: NetName=5VOUT Pin=J1-2
Added Net: Name=5VOUT
Added Pin To Net: NetName=\MCLR Pin=R28-2
Added Pin To Net: NetName=\MCLR Pin=U3-13
Added Net: Name=\MCLR
Added Pin To Net: NetName=ECRS_DV Pin=U1-40
Added Pin To Net: NetName=ECRS_DV Pin=U3-12
Added Net: Name=ECRS_DV
Added Pin To Net: NetName=EMDC Pin=U1-31
Added Pin To Net: NetName=EMDC Pin=U3-71
Added Net: Name=EMDC
Added Pin To Net: NetName=EMDIO Pin=U1-30
Added Pin To Net: NetName=EMDIO Pin=U3-68
Added Net: Name=EMDIO
Added Pin To Net: NetName=EREF_CLK Pin=R16-2
Added Pin To Net: NetName=EREF_CLK Pin=U1-34
Added Pin To Net: NetName=EREF_CLK Pin=U3-14
Added Net: Name=EREF_CLK
Added Pin To Net: NetName=ERXD0(2) Pin=R14-1
Added Pin To Net: NetName=ERXD0(2) Pin=U3-42
Added Net: Name=ERXD0(2)
Added Pin To Net: NetName=ERXD1(2) Pin=R15-1
Added Pin To Net: NetName=ERXD1(2) Pin=U3-43
Added Net: Name=ERXD1(2)
Added Pin To Net: NetName=ERXERR Pin=U1-41
Added Pin To Net: NetName=ERXERR Pin=U3-35
Added Net: Name=ERXERR
Added Pin To Net: NetName=ETXD0(2) Pin=R7-1
Added Pin To Net: NetName=ETXD0(2) Pin=U3-88
Added Net: Name=ETXD0(2)
Added Pin To Net: NetName=ETXD1(2) Pin=R9-1
Added Pin To Net: NetName=ETXD1(2) Pin=U3-87
Added Net: Name=ETXD1(2)
Added Pin To Net: NetName=ETXEN(2) Pin=R10-1
Added Pin To Net: NetName=ETXEN(2) Pin=U3-83
Added Net: Name=ETXEN(2)
Added Pin To Net: NetName=LED_ACT Pin=J8-11
Added Pin To Net: NetName=LED_ACT Pin=U1-26
Added Net: Name=LED_ACT
Added Pin To Net: NetName=LED_LINK Pin=J8-9
Added Pin To Net: NetName=LED_LINK Pin=U1-28
Added Net: Name=LED_LINK
Added Pin To Net: NetName=LED_SPEED Pin=U1-27
Added Net: Name=LED_SPEED
Added Pin To Net: NetName=LIMIT_INT Pin=U3-67
Added Pin To Net: NetName=LIMIT_INT Pin=U8-6
Added Net: Name=LIMIT_INT
Added Pin To Net: NetName=MDI_RN Pin=J8-6
Added Pin To Net: NetName=MDI_RN Pin=R3-1
Added Net: Name=MDI_RN
Added Pin To Net: NetName=MDI_RP Pin=J8-4
Added Pin To Net: NetName=MDI_RP Pin=R4-1
Added Net: Name=MDI_RP
Added Pin To Net: NetName=MDI_TN Pin=J8-3
Added Pin To Net: NetName=MDI_TN Pin=R2-1
Added Net: Name=MDI_TN
Added Pin To Net: NetName=MDI_TP Pin=J8-1
Added Pin To Net: NetName=MDI_TP Pin=R1-1
Added Pin To Net: NetName=MDI_TP Pin=U1-17
Added Net: Name=MDI_TP
Added Pin To Net: NetName=NetC3_1 Pin=C3-1
Added Pin To Net: NetName=NetC3_1 Pin=C5-1
Added Net: Name=NetC3_1
Added Pin To Net: NetName=NetC3_2 Pin=C3-2
Added Pin To Net: NetName=NetC3_2 Pin=C5-2
Added Net: Name=NetC3_2
Added Pin To Net: NetName=NetC12_2 Pin=C12-2
Added Pin To Net: NetName=NetC12_2 Pin=R26-2
Added Pin To Net: NetName=NetC12_2 Pin=U7-8
Added Net: Name=NetC12_2
Added Pin To Net: NetName=NetC13_2 Pin=C13-2
Added Pin To Net: NetName=NetC13_2 Pin=R25-2
Added Pin To Net: NetName=NetC13_2 Pin=U7-9
Added Net: Name=NetC13_2
Added Pin To Net: NetName=NetC15_2 Pin=C15-2
Added Pin To Net: NetName=NetC15_2 Pin=R27-1
Added Pin To Net: NetName=NetC15_2 Pin=R28-1
Added Pin To Net: NetName=NetC15_2 Pin=SW1-2
Added Net: Name=NetC15_2
Added Pin To Net: NetName=NetC16_2 Pin=C16-2
Added Pin To Net: NetName=NetC16_2 Pin=U3-85
Added Net: Name=NetC16_2
Added Pin To Net: NetName=NetC17_1 Pin=C17-1
Added Pin To Net: NetName=NetC17_1 Pin=U3-31
Added Net: Name=NetC17_1
Added Pin To Net: NetName=NetC17_2 Pin=C17-2
Added Pin To Net: NetName=NetC17_2 Pin=R29-1
Added Pin To Net: NetName=NetC17_2 Pin=U3-30
Added Net: Name=NetC17_2
Added Pin To Net: NetName=NetC18_2 Pin=C18-2
Added Pin To Net: NetName=NetC18_2 Pin=U3-63
Added Pin To Net: NetName=NetC18_2 Pin=Y2-3
Added Net: Name=NetC18_2
Added Pin To Net: NetName=NetC19_2 Pin=C19-2
Added Pin To Net: NetName=NetC19_2 Pin=U3-64
Added Pin To Net: NetName=NetC19_2 Pin=Y2-1
Added Net: Name=NetC19_2
Added Pin To Net: NetName=NetC36_1 Pin=C36-1
Added Pin To Net: NetName=NetC36_1 Pin=R30-1
Added Pin To Net: NetName=NetC36_1 Pin=U4-7
Added Net: Name=NetC36_1
Added Pin To Net: NetName=NetC38_1 Pin=C38-1
Added Pin To Net: NetName=NetC38_1 Pin=R31-1
Added Pin To Net: NetName=NetC38_1 Pin=U5-7
Added Net: Name=NetC38_1
Added Pin To Net: NetName=NetC40_1 Pin=C40-1
Added Pin To Net: NetName=NetC40_1 Pin=R32-1
Added Pin To Net: NetName=NetC40_1 Pin=U6-7
Added Net: Name=NetC40_1
Added Pin To Net: NetName=NetJ8_10 Pin=J8-10
Added Pin To Net: NetName=NetJ8_10 Pin=R6-1
Added Net: Name=NetJ8_10
Added Pin To Net: NetName=NetJ8_12 Pin=J8-12
Added Pin To Net: NetName=NetJ8_12 Pin=R8-1
Added Net: Name=NetJ8_12
Added Pin To Net: NetName=NetJ9_1 Pin=J9-1
Added Pin To Net: NetName=NetJ9_1 Pin=R24-1
Added Net: Name=NetJ9_1
Added Pin To Net: NetName=NetJ9_2 Pin=J9-2
Added Pin To Net: NetName=NetJ9_2 Pin=R25-1
Added Net: Name=NetJ9_2
Added Pin To Net: NetName=NetJ9_3 Pin=J9-3
Added Pin To Net: NetName=NetJ9_3 Pin=R26-1
Added Net: Name=NetJ9_3
Added Pin To Net: NetName=NetR7_2 Pin=R7-2
Added Pin To Net: NetName=NetR7_2 Pin=U1-3
Added Net: Name=NetR7_2
Added Pin To Net: NetName=NetR9_2 Pin=R9-2
Added Pin To Net: NetName=NetR9_2 Pin=U1-4
Added Net: Name=NetR9_2
Added Pin To Net: NetName=NetR10_2 Pin=R10-2
Added Pin To Net: NetName=NetR10_2 Pin=U1-2
Added Net: Name=NetR10_2
Added Pin To Net: NetName=NetR12_2 Pin=R12-2
Added Pin To Net: NetName=NetR12_2 Pin=U1-24
Added Net: Name=NetR12_2
Added Pin To Net: NetName=NetR13_2 Pin=R13-2
Added Pin To Net: NetName=NetR13_2 Pin=U1-39
Added Net: Name=NetR13_2
Added Pin To Net: NetName=NetR14_2 Pin=R14-2
Added Pin To Net: NetName=NetR14_2 Pin=U1-43
Added Net: Name=NetR14_2
Added Pin To Net: NetName=NetR15_2 Pin=R15-2
Added Pin To Net: NetName=NetR15_2 Pin=U1-44
Added Net: Name=NetR15_2
Added Pin To Net: NetName=NetR16_1 Pin=R16-1
Added Pin To Net: NetName=NetR16_1 Pin=Y1-3
Added Net: Name=NetR16_1
Added Pin To Net: NetName=NetR17_1 Pin=R17-1
Added Pin To Net: NetName=NetR17_1 Pin=U1-21
Added Net: Name=NetR17_1
Added Pin To Net: NetName=NetR18_1 Pin=R18-1
Added Pin To Net: NetName=NetR18_1 Pin=U1-20
Added Net: Name=NetR18_1
Added Pin To Net: NetName=NetR19_1 Pin=R19-1
Added Pin To Net: NetName=NetR19_1 Pin=U7-15
Added Net: Name=NetR19_1
Added Pin To Net: NetName=NetR20_1 Pin=R20-1
Added Pin To Net: NetName=NetR20_1 Pin=U7-6
Added Net: Name=NetR20_1
Added Pin To Net: NetName=NetR21_1 Pin=R21-1
Added Pin To Net: NetName=NetR21_1 Pin=U7-2
Added Net: Name=NetR21_1
Added Pin To Net: NetName=NetR22_1 Pin=R22-1
Added Pin To Net: NetName=NetR22_1 Pin=U7-14
Added Net: Name=NetR22_1
Added Pin To Net: NetName=NetR23_1 Pin=R23-1
Added Pin To Net: NetName=NetR23_1 Pin=U7-7
Added Net: Name=NetR23_1
Added Pin To Net: NetName=NetR33_1 Pin=R33-1
Added Pin To Net: NetName=NetR33_1 Pin=S2-2
Added Net: Name=NetR33_1
Added Pin To Net: NetName=NetR33_2 Pin=R33-2
Added Pin To Net: NetName=NetR33_2 Pin=R34-2
Added Pin To Net: NetName=NetR33_2 Pin=U4-5
Added Net: Name=NetR33_2
Added Pin To Net: NetName=NetR35_2 Pin=R35-2
Added Pin To Net: NetName=NetR35_2 Pin=R36-2
Added Pin To Net: NetName=NetR35_2 Pin=U5-5
Added Net: Name=NetR35_2
Added Pin To Net: NetName=NetR37_2 Pin=R37-2
Added Pin To Net: NetName=NetR37_2 Pin=R38-2
Added Pin To Net: NetName=NetR37_2 Pin=U6-5
Added Net: Name=NetR37_2
Added Pin To Net: NetName=NetTP1_1 Pin=U1-25
Added Net: Name=NetTP1_1
Added Pin To Net: NetName=PFOUT Pin=C7-2
Added Pin To Net: NetName=PFOUT Pin=C8-2
Added Pin To Net: NetName=PFOUT Pin=C9-2
Added Pin To Net: NetName=PFOUT Pin=C10-2
Added Pin To Net: NetName=PFOUT Pin=U1-18
Added Pin To Net: NetName=PFOUT Pin=U1-23
Added Pin To Net: NetName=PFOUT Pin=U1-37
Added Net: Name=PFOUT
Added Pin To Net: NetName=PGC Pin=U3-24
Added Net: Name=PGC
Added Pin To Net: NetName=PGD Pin=U3-25
Added Net: Name=PGD
Added Pin To Net: NetName=SP_DIR Pin=J5-1
Added Pin To Net: NetName=SP_DIR Pin=U3-79
Added Net: Name=SP_DIR
Added Pin To Net: NetName=SP_ENA Pin=J5-3
Added Pin To Net: NetName=SP_ENA Pin=U3-80
Added Net: Name=SP_ENA
Added Pin To Net: NetName=SP_SPEED Pin=J5-9
Added Pin To Net: NetName=SP_SPEED Pin=U3-78
Added Net: Name=SP_SPEED
Added Pin To Net: NetName=SP_TACH Pin=J5-7
Added Pin To Net: NetName=SP_TACH Pin=U3-48
Added Net: Name=SP_TACH
Added Pin To Net: NetName=SP_VCC Pin=J5-5
Added Pin To Net: NetName=SP_VCC Pin=U3-47
Added Net: Name=SP_VCC
Added Pin To Net: NetName=USB_D+ Pin=J7-3
Added Pin To Net: NetName=USB_D+ Pin=U3-57
Added Net: Name=USB_D+
Added Pin To Net: NetName=USB_D- Pin=J7-2
Added Pin To Net: NetName=USB_D- Pin=U3-56
Added Net: Name=USB_D-
Added Pin To Net: NetName=VBUS Pin=J7-1
Added Pin To Net: NetName=VBUS Pin=U3-54
Added Net: Name=VBUS
Added Pin To Net: NetName=VDD Pin=U9-14
Added Net: Name=VDD
Added Pin To Net: NetName=X_DIR Pin=J1-5
Added Pin To Net: NetName=X_DIR Pin=U3-3
Added Net: Name=X_DIR
Added Pin To Net: NetName=X_ENA Pin=J1-1
Added Pin To Net: NetName=X_ENA Pin=U3-4
Added Net: Name=X_ENA
Added Pin To Net: NetName=X_HOME Pin=J1-9
Added Pin To Net: NetName=X_HOME Pin=U3-19
Added Net: Name=X_HOME
Added Pin To Net: NetName=X_LIMIT Pin=U2-2
Added Pin To Net: NetName=X_LIMIT Pin=U3-23
Added Pin To Net: NetName=X_LIMIT Pin=U8-11
Added Net: Name=X_LIMIT
Added Pin To Net: NetName=X_MAX Pin=J10-1
Added Pin To Net: NetName=X_MAX Pin=U2-1
Added Net: Name=X_MAX
Added Pin To Net: NetName=X_MIN Pin=J12-1
Added Pin To Net: NetName=X_MIN Pin=U2-16
Added Net: Name=X_MIN
Added Pin To Net: NetName=X_MS1 Pin=J1-8
Added Pin To Net: NetName=X_MS1 Pin=U3-5
Added Net: Name=X_MS1
Added Pin To Net: NetName=X_MS2 Pin=J1-7
Added Pin To Net: NetName=X_MS2 Pin=U3-18
Added Net: Name=X_MS2
Added Pin To Net: NetName=X_RST Pin=J1-4
Added Net: Name=X_RST
Added Pin To Net: NetName=X_SLP Pin=J1-3
Added Net: Name=X_SLP
Added Pin To Net: NetName=X_STEP Pin=J1-6
Added Pin To Net: NetName=X_STEP Pin=U3-72
Added Net: Name=X_STEP
Added Pin To Net: NetName=Y1_5V Pin=J3-2
Added Net: Name=Y1_5V
Added Pin To Net: NetName=Y1_DIR Pin=J3-5
Added Pin To Net: NetName=Y1_DIR Pin=U3-93
Added Pin To Net: NetName=Y1_DIR Pin=U9-1
Added Net: Name=Y1_DIR
Added Pin To Net: NetName=Y1_ENA Pin=J2-1
Added Pin To Net: NetName=Y1_ENA Pin=J3-1
Added Pin To Net: NetName=Y1_ENA Pin=U3-94
Added Net: Name=Y1_ENA
Added Pin To Net: NetName=Y1_HOME Pin=J2-9
Added Pin To Net: NetName=Y1_HOME Pin=J3-9
Added Pin To Net: NetName=Y1_HOME Pin=U3-70
Added Pin To Net: NetName=Y1_HOME Pin=U3-100
Added Net: Name=Y1_HOME
Added Pin To Net: NetName=Y1_MS1 Pin=J2-8
Added Pin To Net: NetName=Y1_MS1 Pin=J3-8
Added Pin To Net: NetName=Y1_MS1 Pin=U3-98
Added Net: Name=Y1_MS1
Added Pin To Net: NetName=Y1_MS2 Pin=J2-7
Added Pin To Net: NetName=Y1_MS2 Pin=J3-7
Added Pin To Net: NetName=Y1_MS2 Pin=U3-99
Added Net: Name=Y1_MS2
Added Pin To Net: NetName=Y1_RST Pin=J3-4
Added Net: Name=Y1_RST
Added Pin To Net: NetName=Y1_SLP Pin=J3-3
Added Net: Name=Y1_SLP
Added Pin To Net: NetName=Y1_STEP Pin=J2-6
Added Pin To Net: NetName=Y1_STEP Pin=J3-6
Added Pin To Net: NetName=Y1_STEP Pin=U3-76
Added Net: Name=Y1_STEP
Added Pin To Net: NetName=Y2_5V Pin=J2-2
Added Net: Name=Y2_5V
Added Pin To Net: NetName=Y2_DIR Pin=J2-5
Added Pin To Net: NetName=Y2_DIR Pin=U9-2
Added Net: Name=Y2_DIR
Added Pin To Net: NetName=Y2_RST Pin=J2-4
Added Net: Name=Y2_RST
Added Pin To Net: NetName=Y2_SLP Pin=J2-3
Added Net: Name=Y2_SLP
Added Pin To Net: NetName=Y_LIMIT Pin=U2-3
Added Pin To Net: NetName=Y_LIMIT Pin=U3-22
Added Pin To Net: NetName=Y_LIMIT Pin=U8-10
Added Net: Name=Y_LIMIT
Added Pin To Net: NetName=Y_MAX Pin=J13-1
Added Pin To Net: NetName=Y_MAX Pin=U2-15
Added Net: Name=Y_MAX
Added Pin To Net: NetName=Y_MIN Pin=J14-1
Added Pin To Net: NetName=Y_MIN Pin=U2-14
Added Net: Name=Y_MIN
Added Pin To Net: NetName=Z_5V Pin=J4-2
Added Net: Name=Z_5V
Added Pin To Net: NetName=Z_DIR Pin=J4-5
Added Pin To Net: NetName=Z_DIR Pin=U3-38
Added Net: Name=Z_DIR
Added Pin To Net: NetName=Z_ENA Pin=J4-1
Added Pin To Net: NetName=Z_ENA Pin=U3-58
Added Net: Name=Z_ENA
Added Pin To Net: NetName=Z_HOME Pin=J4-9
Added Pin To Net: NetName=Z_HOME Pin=U3-61
Added Net: Name=Z_HOME
Added Pin To Net: NetName=Z_MS1 Pin=J4-8
Added Pin To Net: NetName=Z_MS1 Pin=U3-59
Added Net: Name=Z_MS1
Added Pin To Net: NetName=Z_MS2 Pin=J4-7
Added Pin To Net: NetName=Z_MS2 Pin=U3-60
Added Net: Name=Z_MS2
Added Pin To Net: NetName=Z_POS Pin=U3-17
Added Net: Name=Z_POS
Added Pin To Net: NetName=Z_RST Pin=J4-4
Added Net: Name=Z_RST
Added Pin To Net: NetName=Z_SLP Pin=J4-3
Added Net: Name=Z_SLP
Added Pin To Net: NetName=Z_STEP Pin=J4-6
Added Pin To Net: NetName=Z_STEP Pin=U3-77
Added Net: Name=Z_STEP
Added Class: Name=Block Diagram
Added Member To Class: ClassName=FTDI-USB Member=Component C1 0.1uF
Added Member To Class: ClassName=FTDI-USB Member=Component C2 0.1uF
Added Member To Class: ClassName=FTDI-USB Member=Component C3 4.7uF
Added Member To Class: ClassName=FTDI-USB Member=Component C4 0.1uF
Added Member To Class: ClassName=FTDI-USB Member=Component C5 0.1uF
Added Member To Class: ClassName=FTDI-USB Member=Component C6 0.1uF
Added Member To Class: ClassName=FTDI-USB Member=Component C7 0.1uF
Added Member To Class: ClassName=FTDI-USB Member=Component C8 10uF
Added Member To Class: ClassName=FTDI-USB Member=Component C9 0.1uF
Added Member To Class: ClassName=FTDI-USB Member=Component C10 0.1uF
Added Member To Class: ClassName=FTDI-USB Member=Component C11 0.1uF
Added Member To Class: ClassName=FTDI-USB Member=Component C12 0.047uF
Added Member To Class: ClassName=FTDI-USB Member=Component C13 0.047uF
Added Member To Class: ClassName=FTDI-USB Member=Component C14 0.1uF
Added Member To Class: ClassName=MCU Member=Component C15 10uF
Added Member To Class: ClassName=MCU Member=Component C16 10uF
Added Member To Class: ClassName=MCU Member=Component C17 10uF
Added Member To Class: ClassName=MCU Member=Component C18 20pF
Added Member To Class: ClassName=MCU Member=Component C19 20pF
Added Member To Class: ClassName=MCU Member=Component C20 0.1uF
Added Member To Class: ClassName=MCU Member=Component C21 0.1uF
Added Member To Class: ClassName=MCU Member=Component C22 0.1uF
Added Member To Class: ClassName=MCU Member=Component C23 0.1uF
Added Member To Class: ClassName=MCU Member=Component C24 0.1uF
Added Member To Class: ClassName=MCU Member=Component C25 0.1uF
Added Member To Class: ClassName=MCU Member=Component C26 0.1uF
Added Member To Class: ClassName=MCU Member=Component C27 0.1uF
Added Member To Class: ClassName=MCU Member=Component C28 0.1uF
Added Member To Class: ClassName=MCU Member=Component C29 0.1uF
Added Member To Class: ClassName=MCU Member=Component C30 0.1uF
Added Member To Class: ClassName=MCU Member=Component C31 0.1uF
Added Member To Class: ClassName=MCU Member=Component C32 0.1uF
Added Member To Class: ClassName=MCU Member=Component C33 0.1uF
Added Member To Class: ClassName=MCU Member=Component C34 0.1uF
Added Member To Class: ClassName=MCU Member=Component C35 0.1uF
Added Member To Class: ClassName=Power Member=Component C36 1.0uF
Added Member To Class: ClassName=Power Member=Component C37 1.0uF
Added Member To Class: ClassName=Power Member=Component C38 1.0uF
Added Member To Class: ClassName=Power Member=Component C39 1.0uF
Added Member To Class: ClassName=Power Member=Component C40 1.0uF
Added Member To Class: ClassName=Power Member=Component C41 1.0uF
Added Member To Class: ClassName=FTDI-USB Member=Component D1 HSMD-C190
Added Member To Class: ClassName=FTDI-USB Member=Component D2 HSMD-C190
Added Member To Class: ClassName=Power Member=Component D3 HSMD-C190
Added Member To Class: ClassName=Power Member=Component D4 HSMD-C190
Added Member To Class: ClassName=Power Member=Component D5 HSMD-C190
Added Member To Class: ClassName=MCU Member=Component J6 Value
Added Member To Class: ClassName=FTDI-USB Member=Component J7 Mini-B
Added Member To Class: ClassName=FTDI-USB Member=Component J8 SI-60062-F
Added Member To Class: ClassName=FTDI-USB Member=Component J9 Mini-B
Added Member To Class: ClassName=Limit Sensor Interface Member=Component J10 MHDR1X4
Added Member To Class: ClassName=Power Member=Component J11 15-43-6542
Added Member To Class: ClassName=Limit Sensor Interface Member=Component J12 MHDR1X4
Added Member To Class: ClassName=Limit Sensor Interface Member=Component J13 MHDR1X4
Added Member To Class: ClassName=Limit Sensor Interface Member=Component J14 MHDR1X4
Added Member To Class: ClassName=FTDI-USB Member=Component R1 49.9
Added Member To Class: ClassName=FTDI-USB Member=Component R2 49.9
Added Member To Class: ClassName=FTDI-USB Member=Component R3 49.9
Added Member To Class: ClassName=FTDI-USB Member=Component R4 49.9
Added Member To Class: ClassName=FTDI-USB Member=Component R19 10K
Added Member To Class: ClassName=FTDI-USB Member=Component R20 10K
Added Member To Class: ClassName=FTDI-USB Member=Component R21 10K
Added Member To Class: ClassName=FTDI-USB Member=Component R22 100
Added Member To Class: ClassName=FTDI-USB Member=Component R23 100
Added Member To Class: ClassName=FTDI-USB Member=Component R24 0
Added Member To Class: ClassName=FTDI-USB Member=Component R25 27
Added Member To Class: ClassName=FTDI-USB Member=Component R26 27
Added Member To Class: ClassName=MCU Member=Component R27 10K
Added Member To Class: ClassName=MCU Member=Component R28 470
Added Member To Class: ClassName=MCU Member=Component R29 10
Added Member To Class: ClassName=Power Member=Component R30 100
Added Member To Class: ClassName=Power Member=Component R31 100
Added Member To Class: ClassName=Power Member=Component R32 100
Added Member To Class: ClassName=Power Member=Component R33 100K
Added Member To Class: ClassName=Power Member=Component R34 100K
Added Member To Class: ClassName=Power Member=Component R35 100K
Added Member To Class: ClassName=Power Member=Component R36 100K
Added Member To Class: ClassName=Power Member=Component R37 100K
Added Member To Class: ClassName=Power Member=Component R38 100K
Added Member To Class: ClassName=Power Member=Component S2 SW-SPST
Added Member To Class: ClassName=MCU Member=Component SW1 TL1015AF160QG
Added Member To Class: ClassName=FTDI-USB Member=Component U1 DP83848CVV/NOPB
Added Member To Class: ClassName=Limit Sensor Interface Member=Component U2 OR
Added Member To Class: ClassName=MCU Member=Component U3 PIC32MX795F512L-80V/PF
Added Member To Class: ClassName=Power Member=Component U4 ADP7104ACPZ-3.3-R7
Added Member To Class: ClassName=Power Member=Component U5 ADP7104ACPZ-2.5-R7
Added Member To Class: ClassName=Power Member=Component U6 ADP7104ACPZ-1.8-R7
Added Member To Class: ClassName=FTDI-USB Member=Component U7 FT230XS-R
Added Member To Class: ClassName=Limit Sensor Interface Member=Component U8 OR
Added Member To Class: ClassName=MCU Member=Component U9 CD4069UBCM
Added Member To Class: ClassName=FTDI-USB Member=Component Y1 50MHz
Added Member To Class: ClassName=MCU Member=Component Y2 8MHz
Added Room: Name=Block Diagram
