Removed Pin From Net: NetName=3V3VCC Pin=C8-2
Removed Pin From Net: NetName=3V3VCC Pin=U2-55
Added Component: Designator=J?(HDR2X5)
Added Component: Designator=J?(HDR2X5)
Added Component: Designator=J?(HDR2X5)
Added Component: Designator=J?(481900001)
Added Component: Designator=J?(95001-2661)
Added Component: Designator=P?_X-Limit 1(HDR1X4)
Added Component: Designator=P?_X-Limit 1(HDR1X4)
Added Component: Designator=P?_X-Limit 1(HDR1X4)
Added Component: Designator=P?_X-Limit 1(HDR1X4)
Added Component: Designator=P?_X-Limit 2(HDR1X4)
Added Component: Designator=P?_X-Limit 2(HDR1X4)
Added Component: Designator=P?_X-Limit 2(HDR1X4)
Added Component: Designator=P?_X-Limit 2(HDR1X4)
Added Component: Designator=P?_Y-Limit 1(HDR1X4)
Added Component: Designator=P?_Y-Limit 1(HDR1X4)
Added Component: Designator=P?_Y-Limit 1(HDR1X4)
Added Component: Designator=P?_Y-Limit 1(HDR1X4)
Added Component: Designator=P?_Y-Limit 2(HDR1X4)
Added Component: Designator=P?_Y-Limit 2(HDR1X4)
Added Component: Designator=P?_Y-Limit 2(HDR1X4)
Added Component: Designator=P?_Y-Limit 2(HDR1X4)
Added Component: Designator=R?(3-0603)
Added Component: Designator=S?(IT-2175)
Added Component: Designator=U?_X-Limit 1(SO-16_N)
Added Component: Designator=U?_X-Limit 1(SO-16_N)
Added Component: Designator=U?_X-Limit 2(SO-16_N)
Added Component: Designator=U?_X-Limit 2(SO-16_N)
Added Component: Designator=U?_Y-Limit 1(SO-16_N)
Added Component: Designator=U?_Y-Limit 1(SO-16_N)
Added Component: Designator=U?_Y-Limit 2(SO-16_N)
Added Component: Designator=U?_Y-Limit 2(SO-16_N)
Added Component: Designator=Y?(ECX-3M)
