Added Component: Designator=B1(DIP-6)
Added Component: Designator=B2(DIP-6)
Added Component: Designator=B3(DIP-6)
Added Component: Designator=C1(CAPC1005)
Added Component: Designator=C2(CAPC1005)
Added Component: Designator=C3(CAPC1005)
Added Component: Designator=C4(CAPC1005)
Added Component: Designator=C5(CAPC1005)
Added Component: Designator=C6(CAPC1005)
Added Component: Designator=C7(CAPC1005)
Added Component: Designator=C8(C1206)
Added Component: Designator=C9(C1206)
Added Component: Designator=C10(C1206)
Added Component: Designator=C11(C1206)
Added Component: Designator=C12(C1206)
Added Component: Designator=C13(C1206)
Added Component: Designator=C14(C1206)
Added Component: Designator=C15(C1206)
Added Component: Designator=C16(C1206)
Added Component: Designator=C17(C1206)
Added Component: Designator=C18(C1206)
Added Component: Designator=C19(C1206)
Added Component: Designator=C20(C1206)
Added Component: Designator=C21(C1206)
Added Component: Designator=C22(1608[0603])
Added Component: Designator=C23(1608[0603])
Added Component: Designator=C24(1608[0603])
Added Component: Designator=C25(1608[0603])
Added Component: Designator=C26(1608[0603])
Added Component: Designator=C27(1608[0603])
Added Component: Designator=D1(1.6X0.8X0.8)
Added Component: Designator=D2(1.6X0.8X0.8)
Added Component: Designator=D3(1.6X0.8X0.8)
Added Component: Designator=D4(1.6X0.8X0.8)
Added Component: Designator=D5(1.6X0.8X0.8)
Added Component: Designator=J1(MUSB-05-X-B-SM-A)
Added Component: Designator=J2_X-Limit 1(HDR1X4)
Added Component: Designator=J2_X-Limit 2(HDR1X4)
Added Component: Designator=J2_Y-Limit 1(HDR1X4)
Added Component: Designator=J2_Y-Limit 2(HDR1X4)
Added Component: Designator=J3_X-Limit 1(HDR1X4)
Added Component: Designator=J3_X-Limit 2(HDR1X4)
Added Component: Designator=J3_Y-Limit 1(HDR1X4)
Added Component: Designator=J3_Y-Limit 2(HDR1X4)
Added Component: Designator=J4_X-Limit 1(HDR1X4)
Added Component: Designator=J4_X-Limit 2(HDR1X4)
Added Component: Designator=J4_Y-Limit 1(HDR1X4)
Added Component: Designator=J4_Y-Limit 2(HDR1X4)
Added Component: Designator=J5_X-Limit 1(HDR1X4)
Added Component: Designator=J5_X-Limit 2(HDR1X4)
Added Component: Designator=J5_Y-Limit 1(HDR1X4)
Added Component: Designator=J5_Y-Limit 2(HDR1X4)
Added Component: Designator=J6(95001-2661)
Added Component: Designator=J7(HDR2X5)
Added Component: Designator=J8(HDR2X5)
Added Component: Designator=J9(HDR2X5)
Added Component: Designator=J10(481900001)
Added Component: Designator=J11(15-43-6542)
Added Component: Designator=R1(3-0603)
Added Component: Designator=R2(3-0603)
Added Component: Designator=R3(3-0603)
Added Component: Designator=R4(3-0603)
Added Component: Designator=R5(3-0603)
Added Component: Designator=R6(6-0805)
Added Component: Designator=R7(3-0603)
Added Component: Designator=R8(3-0603)
Added Component: Designator=R9(3-0603)
Added Component: Designator=R10(3-0603)
Added Component: Designator=R11(3-0603)
Added Component: Designator=R12(3-0603)
Added Component: Designator=R13(3-0603)
Added Component: Designator=R14(3-0603)
Added Component: Designator=R15(3-0603)
Added Component: Designator=R16(3-0603)
Added Component: Designator=R17(3-0603)
Added Component: Designator=R18(3-0603)
Added Component: Designator=S1(IT-2175)
Added Component: Designator=S2(SPST-2)
Added Component: Designator=U1(SSOP-16_M)
Added Component: Designator=U2_X-Limit 1(SO-16_N)
Added Component: Designator=U2_X-Limit 2(SO-16_N)
Added Component: Designator=U2_Y-Limit 1(SO-16_N)
Added Component: Designator=U2_Y-Limit 2(SO-16_N)
Added Component: Designator=U3(TQFP-PF100_N)
Added Component: Designator=U4(ADI-CP-8-5_V)
Added Component: Designator=U5(ADI-CP-8-5_V)
Added Component: Designator=U6(ADI-CP-8-5_V)
Added Component: Designator=Y1(ECX-3M)
Added Pin To Net: NetName=NetB1_1 Pin=B1-1
Added Pin To Net: NetName=NetB1_3 Pin=B1-3
Added Pin To Net: NetName=NetB1_4 Pin=B1-4
Added Pin To Net: NetName=NetB1_6 Pin=B1-6
Added Pin To Net: NetName=NetB2_1 Pin=B2-1
Added Pin To Net: NetName=NetB2_3 Pin=B2-3
Added Pin To Net: NetName=NetB2_4 Pin=B2-4
Added Pin To Net: NetName=NetB2_6 Pin=B2-6
Added Pin To Net: NetName=NetB3_1 Pin=B3-1
Added Pin To Net: NetName=NetB3_3 Pin=B3-3
Added Pin To Net: NetName=NetB3_4 Pin=B3-4
Added Pin To Net: NetName=NetB3_6 Pin=B3-6
Added Pin To Net: NetName=NetC1_1 Pin=C1-1
Added Pin To Net: NetName=GND Pin=C1-2
Added Pin To Net: NetName=NetC2_1 Pin=C2-1
Added Pin To Net: NetName=GND Pin=C2-2
Added Pin To Net: NetName=3V3OUT Pin=C3-1
Added Pin To Net: NetName=GND Pin=C3-2
Added Pin To Net: NetName=NetC4_1 Pin=C4-1
Added Pin To Net: NetName=NetC4_2 Pin=C4-2
Added Pin To Net: NetName=VCC Pin=C5-1
Added Pin To Net: NetName=GND Pin=C5-2
Added Pin To Net: NetName=NetC4_1 Pin=C6-1
Added Pin To Net: NetName=NetC4_2 Pin=C6-2
Added Pin To Net: NetName=GND Pin=C7-2
Added Pin To Net: NetName=GND Pin=C8-1
Added Pin To Net: NetName=GND Pin=C9-1
Added Pin To Net: NetName=3V3VCC Pin=C9-2
Added Pin To Net: NetName=GND Pin=C10-1
Added Pin To Net: NetName=3V3VCC Pin=C10-2
Added Pin To Net: NetName=GND Pin=C11-1
Added Pin To Net: NetName=3V3VCC Pin=C11-2
Added Pin To Net: NetName=GND Pin=C12-1
Added Pin To Net: NetName=3V3VCC Pin=C12-2
Added Pin To Net: NetName=GND Pin=C13-1
Added Pin To Net: NetName=3V3VCC Pin=C13-2
Added Pin To Net: NetName=GND Pin=C14-1
Added Pin To Net: NetName=2V5VCC Pin=C14-2
Added Pin To Net: NetName=GND Pin=C15-1
Added Pin To Net: NetName=2V5VCC Pin=C15-2
Added Pin To Net: NetName=GND Pin=C16-1
Added Pin To Net: NetName=2V5VCC Pin=C16-2
Added Pin To Net: NetName=GND Pin=C17-1
Added Pin To Net: NetName=2V5VCC Pin=C17-2
Added Pin To Net: NetName=GND Pin=C18-1
Added Pin To Net: NetName=1V8VCC Pin=C18-2
Added Pin To Net: NetName=GND Pin=C19-1
Added Pin To Net: NetName=1V8VCC Pin=C19-2
Added Pin To Net: NetName=GND Pin=C20-1
Added Pin To Net: NetName=1V8VCC Pin=C20-2
Added Pin To Net: NetName=GND Pin=C21-1
Added Pin To Net: NetName=1V8VCC Pin=C21-2
Added Pin To Net: NetName=3V3VCC Pin=C22-1
Added Pin To Net: NetName=NetC22_2 Pin=C22-2
Added Pin To Net: NetName=GND Pin=C23-2
Added Pin To Net: NetName=2V5VCC Pin=C24-1
Added Pin To Net: NetName=NetC24_2 Pin=C24-2
Added Pin To Net: NetName=GND Pin=C25-2
Added Pin To Net: NetName=1V8VCC Pin=C26-1
Added Pin To Net: NetName=NetC26_2 Pin=C26-2
Added Pin To Net: NetName=GND Pin=C27-2
Added Pin To Net: NetName=3V3OUT Pin=D1-1
Added Pin To Net: NetName=NetD1_2 Pin=D1-2
Added Pin To Net: NetName=3V3OUT Pin=D2-1
Added Pin To Net: NetName=NetD2_2 Pin=D2-2
Added Pin To Net: NetName=5VDC Pin=D3-1
Added Pin To Net: NetName=NetD3_2 Pin=D3-2
Added Pin To Net: NetName=5VDC Pin=D4-1
Added Pin To Net: NetName=NetD4_2 Pin=D4-2
Added Pin To Net: NetName=5VDC Pin=D5-1
Added Pin To Net: NetName=NetD5_2 Pin=D5-2
Added Pin To Net: NetName=NetJ1_1 Pin=J1-1
Added Pin To Net: NetName=NetJ1_2 Pin=J1-2
Added Pin To Net: NetName=NetJ1_3 Pin=J1-3
Added Pin To Net: NetName=GND Pin=J1-5
Added Pin To Net: NetName=5VDC Pin=J2_X-Limit 1-2
Added Pin To Net: NetName=GND Pin=J2_X-Limit 1-3
Added Pin To Net: NetName=5VDC Pin=J2_X-Limit 2-2
Added Pin To Net: NetName=GND Pin=J2_X-Limit 2-3
Added Pin To Net: NetName=5VDC Pin=J2_Y-Limit 1-2
Added Pin To Net: NetName=GND Pin=J2_Y-Limit 1-3
Added Pin To Net: NetName=5VDC Pin=J2_Y-Limit 2-2
Added Pin To Net: NetName=GND Pin=J2_Y-Limit 2-3
Added Pin To Net: NetName=5VDC Pin=J3_X-Limit 1-2
Added Pin To Net: NetName=GND Pin=J3_X-Limit 1-3
Added Pin To Net: NetName=5VDC Pin=J3_X-Limit 2-2
Added Pin To Net: NetName=GND Pin=J3_X-Limit 2-3
Added Pin To Net: NetName=5VDC Pin=J3_Y-Limit 1-2
Added Pin To Net: NetName=GND Pin=J3_Y-Limit 1-3
Added Pin To Net: NetName=5VDC Pin=J3_Y-Limit 2-2
Added Pin To Net: NetName=GND Pin=J3_Y-Limit 2-3
Added Pin To Net: NetName=5VDC Pin=J4_X-Limit 1-2
Added Pin To Net: NetName=GND Pin=J4_X-Limit 1-3
Added Pin To Net: NetName=5VDC Pin=J4_X-Limit 2-2
Added Pin To Net: NetName=GND Pin=J4_X-Limit 2-3
Added Pin To Net: NetName=5VDC Pin=J4_Y-Limit 1-2
Added Pin To Net: NetName=GND Pin=J4_Y-Limit 1-3
Added Pin To Net: NetName=5VDC Pin=J4_Y-Limit 2-2
Added Pin To Net: NetName=GND Pin=J4_Y-Limit 2-3
Added Pin To Net: NetName=5VDC Pin=J5_X-Limit 1-2
Added Pin To Net: NetName=GND Pin=J5_X-Limit 1-3
Added Pin To Net: NetName=5VDC Pin=J5_X-Limit 2-2
Added Pin To Net: NetName=GND Pin=J5_X-Limit 2-3
Added Pin To Net: NetName=5VDC Pin=J5_Y-Limit 1-2
Added Pin To Net: NetName=GND Pin=J5_Y-Limit 1-3
Added Pin To Net: NetName=5VDC Pin=J5_Y-Limit 2-2
Added Pin To Net: NetName=GND Pin=J5_Y-Limit 2-3
Added Pin To Net: NetName=GND Pin=J7-10
Added Pin To Net: NetName=GND Pin=J8-10
Added Pin To Net: NetName=GND Pin=J9-10
Added Pin To Net: NetName=5VDC Pin=J11-1
Added Pin To Net: NetName=GND Pin=J11-2
Added Pin To Net: NetName=NetR1_1 Pin=R1-1
Added Pin To Net: NetName=3V3OUT Pin=R1-2
Added Pin To Net: NetName=NetR2_1 Pin=R2-1
Added Pin To Net: NetName=3V3OUT Pin=R2-2
Added Pin To Net: NetName=NetR3_1 Pin=R3-1
Added Pin To Net: NetName=3V3OUT Pin=R3-2
Added Pin To Net: NetName=NetR4_1 Pin=R4-1
Added Pin To Net: NetName=NetD1_2 Pin=R4-2
Added Pin To Net: NetName=NetR5_1 Pin=R5-1
Added Pin To Net: NetName=NetD2_2 Pin=R5-2
Added Pin To Net: NetName=NetJ1_1 Pin=R6-1
Added Pin To Net: NetName=VCC Pin=R6-2
Added Pin To Net: NetName=NetJ1_2 Pin=R7-1
Added Pin To Net: NetName=NetC2_1 Pin=R7-2
Added Pin To Net: NetName=NetJ1_3 Pin=R8-1
Added Pin To Net: NetName=NetC1_1 Pin=R8-2
Added Pin To Net: NetName=3V3VCC Pin=R9-2
Added Pin To Net: NetName=NetC22_2 Pin=R10-1
Added Pin To Net: NetName=NetD3_2 Pin=R10-2
Added Pin To Net: NetName=NetC24_2 Pin=R11-1
Added Pin To Net: NetName=NetD4_2 Pin=R11-2
Added Pin To Net: NetName=NetC26_2 Pin=R12-1
Added Pin To Net: NetName=NetD5_2 Pin=R12-2
Added Pin To Net: NetName=GND Pin=R14-1
Added Pin To Net: NetName=2V5ENA Pin=R15-2
Added Pin To Net: NetName=GND Pin=R16-1
Added Pin To Net: NetName=1V8ENA Pin=R17-2
Added Pin To Net: NetName=GND Pin=R18-1
Added Pin To Net: NetName=GND Pin=S1-1
Added Pin To Net: NetName=GND Pin=S1-3
Added Pin To Net: NetName=5VDC Pin=S2-1
Added Pin To Net: NetName=TXDATA Pin=U1-1
Added Pin To Net: NetName=NetR3_1 Pin=U1-2
Added Pin To Net: NetName=3V3OUT Pin=U1-3
Added Pin To Net: NetName=RXDATA Pin=U1-4
Added Pin To Net: NetName=GND Pin=U1-5
Added Pin To Net: NetName=NetR2_1 Pin=U1-6
Added Pin To Net: NetName=NetR5_1 Pin=U1-7
Added Pin To Net: NetName=NetC1_1 Pin=U1-8
Added Pin To Net: NetName=NetC2_1 Pin=U1-9
Added Pin To Net: NetName=3V3OUT Pin=U1-10
Added Pin To Net: NetName=3V3OUT Pin=U1-11
Added Pin To Net: NetName=VCC Pin=U1-12
Added Pin To Net: NetName=GND Pin=U1-13
Added Pin To Net: NetName=NetR4_1 Pin=U1-14
Added Pin To Net: NetName=NetR1_1 Pin=U1-15
Added Pin To Net: NetName=3V3VCC Pin=U3-2
Added Pin To Net: NetName=GND Pin=U3-15
Added Pin To Net: NetName=3V3VCC Pin=U3-16
Added Pin To Net: NetName=3V3VCC Pin=U3-30
Added Pin To Net: NetName=GND Pin=U3-31
Added Pin To Net: NetName=GND Pin=U3-36
Added Pin To Net: NetName=3V3VCC Pin=U3-37
Added Pin To Net: NetName=GND Pin=U3-45
Added Pin To Net: NetName=3V3VCC Pin=U3-46
Added Pin To Net: NetName=3V3VCC Pin=U3-62
Added Pin To Net: NetName=GND Pin=U3-65
Added Pin To Net: NetName=GND Pin=U3-75
Added Pin To Net: NetName=3V3VCC Pin=U3-85
Added Pin To Net: NetName=3V3VCC Pin=U3-86
Added Pin To Net: NetName=3V3VCC Pin=U4-1
Added Pin To Net: NetName=3V3VCC Pin=U4-2
Added Pin To Net: NetName=GND Pin=U4-3
Added Pin To Net: NetName=GND Pin=U4-6
Added Pin To Net: NetName=NetC22_2 Pin=U4-7
Added Pin To Net: NetName=GND Pin=U4-9
Added Pin To Net: NetName=2V5VCC Pin=U5-1
Added Pin To Net: NetName=2V5VCC Pin=U5-2
Added Pin To Net: NetName=GND Pin=U5-3
Added Pin To Net: NetName=GND Pin=U5-6
Added Pin To Net: NetName=NetC24_2 Pin=U5-7
Added Pin To Net: NetName=GND Pin=U5-9
Added Pin To Net: NetName=1V8VCC Pin=U6-1
Added Pin To Net: NetName=1V8VCC Pin=U6-2
Added Pin To Net: NetName=GND Pin=U6-3
Added Pin To Net: NetName=GND Pin=U6-6
Added Pin To Net: NetName=NetC26_2 Pin=U6-7
Added Pin To Net: NetName=GND Pin=U6-9
