Removed Parameter CrossRef:Block Diagram[3B] from Port ECRS_DV
Removed Parameter CrossRef:Block Diagram[3B] from Port EREF_CLK
Removed Parameter CrossRef:Block Diagram[3B] from Port ERXD0
Removed Parameter CrossRef:Block Diagram[3B] from Port ERXD1
Removed Parameter CrossRef:Block Diagram[3B] from Port ERXERR
Removed Parameter CrossRef:Block Diagram[3B] from Port ETXD0
Removed Parameter CrossRef:Block Diagram[3B] from Port ETXD1
Removed Parameter CrossRef:Block Diagram[3B] from Port INT3/SCL1/RA15
Removed Parameter CrossRef:Block Diagram[3C] from Port EMDC
Removed Parameter CrossRef:Block Diagram[3C] from Port EMDIO
Removed Parameter CrossRef:Block Diagram[3C] from Port ETXEN
Removed Parameter CrossRef:Block Diagram[3C] from Port RXDATA
Removed Parameter CrossRef:Block Diagram[3C] from Port TXDATA
Removed Parameter CrossRef:Block Diagram[3C] from Port USB_D+
Removed Parameter CrossRef:Block Diagram[3C] from Port USB_D-
Removed Parameter CrossRef:Block Diagram[3C] from Port VBUS
Removed Parameter CrossRef:Block Diagram[4B] from Port X_DIR
Removed Parameter CrossRef:Block Diagram[4B] from Port X_ENA
Removed Parameter CrossRef:Block Diagram[4B] from Port X_HOM
Removed Parameter CrossRef:Block Diagram[4B] from Port X_LIMIT
Removed Parameter CrossRef:Block Diagram[4B] from Port X_MS1
Removed Parameter CrossRef:Block Diagram[4B] from Port X_MS2
Removed Parameter CrossRef:Block Diagram[4B] from Port X_STEP
Removed Parameter CrossRef:Block Diagram[4B] from Port XY_LIMIT
Removed Parameter CrossRef:Block Diagram[4B] from Port Y2_DIR
Removed Parameter CrossRef:Block Diagram[4B] from Port Y2_ENA
Removed Parameter CrossRef:Block Diagram[4B] from Port Y2_STEP
Removed Parameter CrossRef:Block Diagram[4B] from Port Y_LIMIT
Removed Parameter CrossRef:Block Diagram[4B] from Port Z_LIMIT
Removed Parameter CrossRef:Block Diagram[4B] from Port Z_POS
Removed Parameter CrossRef:Block Diagram[4C] from Port Y1_DIR
Removed Parameter CrossRef:Block Diagram[4C] from Port Y1_ENA
Removed Parameter CrossRef:Block Diagram[4C] from Port Y1_HOM
Removed Parameter CrossRef:Block Diagram[4C] from Port Y1_MS1
Removed Parameter CrossRef:Block Diagram[4C] from Port Y1_MS2
Removed Parameter CrossRef:Block Diagram[4C] from Port Y1_STEP
Removed Parameter CrossRef:Block Diagram[4C] from Port Y2_HOM
Removed Parameter CrossRef:Block Diagram[4C] from Port Y2_MS1
Removed Parameter CrossRef:Block Diagram[4C] from Port Y2_MS2
Removed Parameter CrossRef:Block Diagram[4C] from Port Z_DIR
Removed Parameter CrossRef:Block Diagram[4C] from Port Z_ENA
Removed Parameter CrossRef:Block Diagram[4C] from Port Z_HOM
Removed Parameter CrossRef:Block Diagram[4C] from Port Z_MS1
Removed Parameter CrossRef:Block Diagram[4C] from Port Z_MS2
Removed Parameter CrossRef:Block Diagram[4C] from Port Z_STEP
Removed Parameter CrossRef:Block Diagram[4D] from Port SP_DIR
Removed Parameter CrossRef:Block Diagram[4D] from Port SP_ENA
Removed Parameter CrossRef:Block Diagram[4D] from Port SP_SPEED
Removed Parameter CrossRef:Block Diagram[4D] from Port SP_TACH
Removed Parameter CrossRef:Block Diagram[4D] from Port SP_VCC
